mode: set
github.com/Ulbora/six910-mysql/plugin.go:32.63,33.25 1 1
github.com/Ulbora/six910-mysql/plugin.go:36.2,42.16 6 1
github.com/Ulbora/six910-mysql/plugin.go:33.25,35.3 1 1
github.com/Ulbora/six910-mysql/plugin.go:46.57,47.25 1 1
github.com/Ulbora/six910-mysql/plugin.go:50.2,54.12 4 1
github.com/Ulbora/six910-mysql/plugin.go:47.25,49.3 1 1
github.com/Ulbora/six910-mysql/plugin.go:58.56,59.25 1 1
github.com/Ulbora/six910-mysql/plugin.go:62.2,66.12 5 1
github.com/Ulbora/six910-mysql/plugin.go:59.25,61.3 1 1
github.com/Ulbora/six910-mysql/plugin.go:70.76,71.25 1 1
github.com/Ulbora/six910-mysql/plugin.go:74.2,78.40 5 1
github.com/Ulbora/six910-mysql/plugin.go:86.2,86.13 1 1
github.com/Ulbora/six910-mysql/plugin.go:71.25,73.3 1 1
github.com/Ulbora/six910-mysql/plugin.go:78.40,80.28 2 1
github.com/Ulbora/six910-mysql/plugin.go:80.28,84.4 3 1
github.com/Ulbora/six910-mysql/plugin.go:90.51,91.25 1 1
github.com/Ulbora/six910-mysql/plugin.go:94.2,96.40 3 1
github.com/Ulbora/six910-mysql/plugin.go:91.25,93.3 1 1
github.com/Ulbora/six910-mysql/plugin.go:99.71,102.24 3 1
github.com/Ulbora/six910-mysql/plugin.go:131.2,131.13 1 1
github.com/Ulbora/six910-mysql/plugin.go:102.24,105.17 3 1
github.com/Ulbora/six910-mysql/plugin.go:105.17,108.18 3 1
github.com/Ulbora/six910-mysql/plugin.go:108.18,111.19 3 1
github.com/Ulbora/six910-mysql/plugin.go:111.19,114.20 3 1
github.com/Ulbora/six910-mysql/plugin.go:114.20,126.7 11 1
github.com/Ulbora/six910-mysql/shipmentBox.go:33.73,34.25 1 1
github.com/Ulbora/six910-mysql/shipmentBox.go:37.2,43.16 6 1
github.com/Ulbora/six910-mysql/shipmentBox.go:34.25,36.3 1 1
github.com/Ulbora/six910-mysql/shipmentBox.go:47.67,48.25 1 1
github.com/Ulbora/six910-mysql/shipmentBox.go:51.2,55.12 4 1
github.com/Ulbora/six910-mysql/shipmentBox.go:48.25,50.3 1 1
github.com/Ulbora/six910-mysql/shipmentBox.go:59.65,60.25 1 1
github.com/Ulbora/six910-mysql/shipmentBox.go:63.2,67.12 5 1
github.com/Ulbora/six910-mysql/shipmentBox.go:60.25,62.3 1 1
github.com/Ulbora/six910-mysql/shipmentBox.go:71.79,72.25 1 1
github.com/Ulbora/six910-mysql/shipmentBox.go:75.2,79.40 5 1
github.com/Ulbora/six910-mysql/shipmentBox.go:87.2,87.13 1 1
github.com/Ulbora/six910-mysql/shipmentBox.go:72.25,74.3 1 1
github.com/Ulbora/six910-mysql/shipmentBox.go:79.40,81.28 2 1
github.com/Ulbora/six910-mysql/shipmentBox.go:81.28,85.4 3 1
github.com/Ulbora/six910-mysql/shipmentBox.go:91.56,92.25 1 1
github.com/Ulbora/six910-mysql/shipmentBox.go:95.2,97.45 3 1
github.com/Ulbora/six910-mysql/shipmentBox.go:92.25,94.3 1 1
github.com/Ulbora/six910-mysql/shipmentBox.go:100.80,103.24 3 1
github.com/Ulbora/six910-mysql/shipmentBox.go:173.2,173.13 1 1
github.com/Ulbora/six910-mysql/shipmentBox.go:103.24,106.17 3 1
github.com/Ulbora/six910-mysql/shipmentBox.go:106.17,109.19 3 1
github.com/Ulbora/six910-mysql/shipmentBox.go:109.19,112.20 3 1
github.com/Ulbora/six910-mysql/shipmentBox.go:112.20,115.22 3 1
github.com/Ulbora/six910-mysql/shipmentBox.go:115.22,118.21 3 1
github.com/Ulbora/six910-mysql/shipmentBox.go:118.21,121.22 3 1
github.com/Ulbora/six910-mysql/shipmentBox.go:121.22,124.23 3 1
github.com/Ulbora/six910-mysql/shipmentBox.go:124.23,127.24 3 1
github.com/Ulbora/six910-mysql/shipmentBox.go:127.24,130.25 3 1
github.com/Ulbora/six910-mysql/shipmentBox.go:130.25,133.26 3 1
github.com/Ulbora/six910-mysql/shipmentBox.go:133.26,136.27 3 1
github.com/Ulbora/six910-mysql/shipmentBox.go:136.27,139.28 3 1
github.com/Ulbora/six910-mysql/shipmentBox.go:139.28,142.29 3 1
github.com/Ulbora/six910-mysql/shipmentBox.go:142.29,159.16 16 1
github.com/Ulbora/six910-mysql/zoneZip.go:32.64,33.25 1 1
github.com/Ulbora/six910-mysql/zoneZip.go:36.2,41.16 6 1
github.com/Ulbora/six910-mysql/zoneZip.go:33.25,35.3 1 1
github.com/Ulbora/six910-mysql/zoneZip.go:45.76,46.25 1 1
github.com/Ulbora/six910-mysql/zoneZip.go:49.2,53.40 5 1
github.com/Ulbora/six910-mysql/zoneZip.go:61.2,61.13 1 1
github.com/Ulbora/six910-mysql/zoneZip.go:46.25,48.3 1 1
github.com/Ulbora/six910-mysql/zoneZip.go:53.40,55.28 2 1
github.com/Ulbora/six910-mysql/zoneZip.go:55.28,59.4 3 1
github.com/Ulbora/six910-mysql/zoneZip.go:65.77,66.25 1 1
github.com/Ulbora/six910-mysql/zoneZip.go:69.2,73.40 5 1
github.com/Ulbora/six910-mysql/zoneZip.go:81.2,81.13 1 1
github.com/Ulbora/six910-mysql/zoneZip.go:66.25,68.3 1 1
github.com/Ulbora/six910-mysql/zoneZip.go:73.40,75.28 2 1
github.com/Ulbora/six910-mysql/zoneZip.go:75.28,79.4 3 1
github.com/Ulbora/six910-mysql/zoneZip.go:85.52,86.25 1 1
github.com/Ulbora/six910-mysql/zoneZip.go:89.2,91.41 3 1
github.com/Ulbora/six910-mysql/zoneZip.go:86.25,88.3 1 1
github.com/Ulbora/six910-mysql/zoneZip.go:94.72,97.24 3 1
github.com/Ulbora/six910-mysql/zoneZip.go:115.2,115.13 1 1
github.com/Ulbora/six910-mysql/zoneZip.go:97.24,100.17 3 1
github.com/Ulbora/six910-mysql/zoneZip.go:100.17,103.19 3 1
github.com/Ulbora/six910-mysql/zoneZip.go:103.19,106.20 3 1
github.com/Ulbora/six910-mysql/zoneZip.go:106.20,111.6 4 1
github.com/Ulbora/six910-mysql/address.go:32.65,33.25 1 1
github.com/Ulbora/six910-mysql/address.go:36.2,41.16 6 1
github.com/Ulbora/six910-mysql/address.go:33.25,35.3 1 1
github.com/Ulbora/six910-mysql/address.go:45.59,46.25 1 1
github.com/Ulbora/six910-mysql/address.go:49.2,52.12 4 1
github.com/Ulbora/six910-mysql/address.go:46.25,48.3 1 1
github.com/Ulbora/six910-mysql/address.go:56.57,57.25 1 1
github.com/Ulbora/six910-mysql/address.go:60.2,64.12 5 1
github.com/Ulbora/six910-mysql/address.go:57.25,59.3 1 1
github.com/Ulbora/six910-mysql/address.go:68.64,69.25 1 1
github.com/Ulbora/six910-mysql/address.go:72.2,76.40 5 1
github.com/Ulbora/six910-mysql/address.go:84.2,84.13 1 1
github.com/Ulbora/six910-mysql/address.go:69.25,71.3 1 1
github.com/Ulbora/six910-mysql/address.go:76.40,78.28 2 1
github.com/Ulbora/six910-mysql/address.go:78.28,82.4 3 1
github.com/Ulbora/six910-mysql/address.go:88.52,89.25 1 1
github.com/Ulbora/six910-mysql/address.go:92.2,94.41 3 1
github.com/Ulbora/six910-mysql/address.go:89.25,91.3 1 1
github.com/Ulbora/six910-mysql/address.go:97.72,100.24 3 1
github.com/Ulbora/six910-mysql/address.go:119.2,119.13 1 1
github.com/Ulbora/six910-mysql/address.go:100.24,103.17 3 1
github.com/Ulbora/six910-mysql/address.go:103.17,106.19 3 1
github.com/Ulbora/six910-mysql/address.go:106.19,116.5 9 1
github.com/Ulbora/six910-mysql/localAccount.go:33.65,34.25 1 1
github.com/Ulbora/six910-mysql/localAccount.go:37.2,42.12 5 1
github.com/Ulbora/six910-mysql/localAccount.go:34.25,36.3 1 1
github.com/Ulbora/six910-mysql/localAccount.go:46.68,47.25 1 1
github.com/Ulbora/six910-mysql/localAccount.go:50.2,53.12 4 1
github.com/Ulbora/six910-mysql/localAccount.go:47.25,49.3 1 1
github.com/Ulbora/six910-mysql/localAccount.go:57.89,58.25 1 1
github.com/Ulbora/six910-mysql/localAccount.go:61.2,65.12 5 1
github.com/Ulbora/six910-mysql/localAccount.go:58.25,60.3 1 1
github.com/Ulbora/six910-mysql/localAccount.go:69.76,70.25 1 1
github.com/Ulbora/six910-mysql/localAccount.go:73.2,77.40 5 1
github.com/Ulbora/six910-mysql/localAccount.go:85.2,85.13 1 1
github.com/Ulbora/six910-mysql/localAccount.go:70.25,72.3 1 1
github.com/Ulbora/six910-mysql/localAccount.go:77.40,79.28 2 1
github.com/Ulbora/six910-mysql/localAccount.go:79.28,83.4 3 1
github.com/Ulbora/six910-mysql/localAccount.go:89.79,90.25 1 1
github.com/Ulbora/six910-mysql/localAccount.go:93.2,95.46 3 1
github.com/Ulbora/six910-mysql/localAccount.go:90.25,92.3 1 1
github.com/Ulbora/six910-mysql/localAccount.go:98.82,101.24 3 1
github.com/Ulbora/six910-mysql/localAccount.go:127.2,127.13 1 1
github.com/Ulbora/six910-mysql/localAccount.go:101.24,104.17 3 1
github.com/Ulbora/six910-mysql/localAccount.go:104.17,107.19 3 1
github.com/Ulbora/six910-mysql/localAccount.go:107.19,110.20 3 1
github.com/Ulbora/six910-mysql/localAccount.go:110.20,113.22 3 1
github.com/Ulbora/six910-mysql/localAccount.go:113.22,122.7 8 1
github.com/Ulbora/six910-mysql/orderTransaction.go:33.82,34.25 1 1
github.com/Ulbora/six910-mysql/orderTransaction.go:37.2,43.16 6 1
github.com/Ulbora/six910-mysql/orderTransaction.go:34.25,36.3 1 1
github.com/Ulbora/six910-mysql/orderTransaction.go:47.86,48.25 1 1
github.com/Ulbora/six910-mysql/orderTransaction.go:51.2,55.40 5 1
github.com/Ulbora/six910-mysql/orderTransaction.go:63.2,63.13 1 1
github.com/Ulbora/six910-mysql/orderTransaction.go:48.25,50.3 1 1
github.com/Ulbora/six910-mysql/orderTransaction.go:55.40,57.28 2 1
github.com/Ulbora/six910-mysql/orderTransaction.go:57.28,61.4 3 1
github.com/Ulbora/six910-mysql/orderTransaction.go:66.90,69.24 3 1
github.com/Ulbora/six910-mysql/orderTransaction.go:108.2,108.13 1 1
github.com/Ulbora/six910-mysql/orderTransaction.go:69.24,72.17 3 1
github.com/Ulbora/six910-mysql/orderTransaction.go:72.17,75.18 3 1
github.com/Ulbora/six910-mysql/orderTransaction.go:75.18,78.19 3 1
github.com/Ulbora/six910-mysql/orderTransaction.go:78.19,81.20 3 1
github.com/Ulbora/six910-mysql/orderTransaction.go:81.20,83.23 2 1
github.com/Ulbora/six910-mysql/orderTransaction.go:83.23,86.22 3 1
github.com/Ulbora/six910-mysql/orderTransaction.go:86.22,101.9 14 1
github.com/Ulbora/six910-mysql/product.go:33.64,34.25 1 1
github.com/Ulbora/six910-mysql/product.go:37.2,47.16 6 1
github.com/Ulbora/six910-mysql/product.go:34.25,36.3 1 1
github.com/Ulbora/six910-mysql/product.go:51.58,52.25 1 1
github.com/Ulbora/six910-mysql/product.go:55.2,63.12 4 1
github.com/Ulbora/six910-mysql/product.go:52.25,54.3 1 1
github.com/Ulbora/six910-mysql/product.go:67.61,68.25 1 1
github.com/Ulbora/six910-mysql/product.go:71.2,75.12 5 1
github.com/Ulbora/six910-mysql/product.go:68.25,70.3 1 1
github.com/Ulbora/six910-mysql/product.go:79.100,80.25 1 1
github.com/Ulbora/six910-mysql/product.go:83.2,87.12 5 1
github.com/Ulbora/six910-mysql/product.go:80.25,82.3 1 1
github.com/Ulbora/six910-mysql/product.go:91.99,92.25 1 1
github.com/Ulbora/six910-mysql/product.go:95.2,99.40 5 1
github.com/Ulbora/six910-mysql/product.go:107.2,107.13 1 1
github.com/Ulbora/six910-mysql/product.go:92.25,94.3 1 1
github.com/Ulbora/six910-mysql/product.go:99.40,101.28 2 1
github.com/Ulbora/six910-mysql/product.go:101.28,105.4 3 1
github.com/Ulbora/six910-mysql/product.go:111.108,112.25 1 1
github.com/Ulbora/six910-mysql/product.go:115.2,119.40 5 1
github.com/Ulbora/six910-mysql/product.go:127.2,127.13 1 1
github.com/Ulbora/six910-mysql/product.go:112.25,114.3 1 1
github.com/Ulbora/six910-mysql/product.go:119.40,121.28 2 1
github.com/Ulbora/six910-mysql/product.go:121.28,125.4 3 1
github.com/Ulbora/six910-mysql/product.go:131.97,132.25 1 1
github.com/Ulbora/six910-mysql/product.go:135.2,139.40 5 1
github.com/Ulbora/six910-mysql/product.go:147.2,147.13 1 1
github.com/Ulbora/six910-mysql/product.go:132.25,134.3 1 1
github.com/Ulbora/six910-mysql/product.go:139.40,141.28 2 1
github.com/Ulbora/six910-mysql/product.go:141.28,145.4 3 1
github.com/Ulbora/six910-mysql/product.go:151.92,152.25 1 1
github.com/Ulbora/six910-mysql/product.go:155.2,159.40 5 1
github.com/Ulbora/six910-mysql/product.go:167.2,167.13 1 1
github.com/Ulbora/six910-mysql/product.go:152.25,154.3 1 1
github.com/Ulbora/six910-mysql/product.go:159.40,161.28 2 1
github.com/Ulbora/six910-mysql/product.go:161.28,165.4 3 1
github.com/Ulbora/six910-mysql/product.go:171.52,172.25 1 1
github.com/Ulbora/six910-mysql/product.go:175.2,177.41 3 1
github.com/Ulbora/six910-mysql/product.go:172.25,174.3 1 1
github.com/Ulbora/six910-mysql/product.go:180.72,183.24 3 1
github.com/Ulbora/six910-mysql/product.go:321.2,321.13 1 1
github.com/Ulbora/six910-mysql/product.go:183.24,186.17 3 1
github.com/Ulbora/six910-mysql/product.go:186.17,189.19 3 1
github.com/Ulbora/six910-mysql/product.go:189.19,192.20 3 1
github.com/Ulbora/six910-mysql/product.go:192.20,195.22 3 1
github.com/Ulbora/six910-mysql/product.go:195.22,198.21 3 1
github.com/Ulbora/six910-mysql/product.go:198.21,201.22 3 1
github.com/Ulbora/six910-mysql/product.go:201.22,204.23 3 1
github.com/Ulbora/six910-mysql/product.go:204.23,207.24 3 1
github.com/Ulbora/six910-mysql/product.go:207.24,210.25 3 1
github.com/Ulbora/six910-mysql/product.go:210.25,213.26 3 1
github.com/Ulbora/six910-mysql/product.go:213.26,216.27 3 1
github.com/Ulbora/six910-mysql/product.go:216.27,219.28 3 1
github.com/Ulbora/six910-mysql/product.go:219.28,222.29 3 1
github.com/Ulbora/six910-mysql/product.go:222.29,225.30 3 1
github.com/Ulbora/six910-mysql/product.go:225.30,228.31 3 1
github.com/Ulbora/six910-mysql/product.go:228.31,231.32 3 1
github.com/Ulbora/six910-mysql/product.go:231.32,233.33 2 1
github.com/Ulbora/six910-mysql/product.go:233.33,235.34 2 1
github.com/Ulbora/six910-mysql/product.go:235.34,237.35 2 1
github.com/Ulbora/six910-mysql/product.go:237.35,239.36 2 1
github.com/Ulbora/six910-mysql/product.go:239.36,241.37 2 1
github.com/Ulbora/six910-mysql/product.go:241.37,243.38 2 1
github.com/Ulbora/six910-mysql/product.go:243.38,245.39 2 1
github.com/Ulbora/six910-mysql/product.go:245.39,248.40 3 1
github.com/Ulbora/six910-mysql/product.go:248.40,251.41 3 1
github.com/Ulbora/six910-mysql/product.go:251.41,295.28 42 1
github.com/Ulbora/six910-mysql/storePlugin.go:33.74,34.25 1 1
github.com/Ulbora/six910-mysql/storePlugin.go:37.2,44.16 6 1
github.com/Ulbora/six910-mysql/storePlugin.go:34.25,36.3 1 1
github.com/Ulbora/six910-mysql/storePlugin.go:48.68,50.25 2 1
github.com/Ulbora/six910-mysql/storePlugin.go:53.2,54.27 2 1
github.com/Ulbora/six910-mysql/storePlugin.go:66.2,66.12 1 1
github.com/Ulbora/six910-mysql/storePlugin.go:50.25,52.3 1 1
github.com/Ulbora/six910-mysql/storePlugin.go:54.27,59.3 2 1
github.com/Ulbora/six910-mysql/storePlugin.go:59.8,64.3 2 1
github.com/Ulbora/six910-mysql/storePlugin.go:70.66,71.25 1 1
github.com/Ulbora/six910-mysql/storePlugin.go:74.2,78.12 5 1
github.com/Ulbora/six910-mysql/storePlugin.go:71.25,73.3 1 1
github.com/Ulbora/six910-mysql/storePlugin.go:82.77,83.25 1 1
github.com/Ulbora/six910-mysql/storePlugin.go:86.2,90.40 5 1
github.com/Ulbora/six910-mysql/storePlugin.go:98.2,98.13 1 1
github.com/Ulbora/six910-mysql/storePlugin.go:83.25,85.3 1 1
github.com/Ulbora/six910-mysql/storePlugin.go:90.40,92.28 2 1
github.com/Ulbora/six910-mysql/storePlugin.go:92.28,96.4 3 1
github.com/Ulbora/six910-mysql/storePlugin.go:102.56,103.25 1 1
github.com/Ulbora/six910-mysql/storePlugin.go:106.2,108.45 3 1
github.com/Ulbora/six910-mysql/storePlugin.go:103.25,105.3 1 1
github.com/Ulbora/six910-mysql/storePlugin.go:111.81,114.24 3 1
github.com/Ulbora/six910-mysql/storePlugin.go:162.2,162.13 1 1
github.com/Ulbora/six910-mysql/storePlugin.go:114.24,117.17 3 1
github.com/Ulbora/six910-mysql/storePlugin.go:117.17,120.18 3 1
github.com/Ulbora/six910-mysql/storePlugin.go:120.18,123.19 3 1
github.com/Ulbora/six910-mysql/storePlugin.go:123.19,126.20 3 1
github.com/Ulbora/six910-mysql/storePlugin.go:126.20,129.21 3 1
github.com/Ulbora/six910-mysql/storePlugin.go:129.21,132.22 3 1
github.com/Ulbora/six910-mysql/storePlugin.go:132.22,136.23 4 1
github.com/Ulbora/six910-mysql/storePlugin.go:136.23,154.10 17 1
github.com/Ulbora/six910-mysql/cartItem.go:32.67,33.25 1 1
github.com/Ulbora/six910-mysql/cartItem.go:36.2,41.16 6 1
github.com/Ulbora/six910-mysql/cartItem.go:33.25,35.3 1 1
github.com/Ulbora/six910-mysql/cartItem.go:45.61,46.25 1 1
github.com/Ulbora/six910-mysql/cartItem.go:49.2,52.12 4 1
github.com/Ulbora/six910-mysql/cartItem.go:46.25,48.3 1 1
github.com/Ulbora/six910-mysql/cartItem.go:56.76,57.25 1 1
github.com/Ulbora/six910-mysql/cartItem.go:60.2,64.12 5 1
github.com/Ulbora/six910-mysql/cartItem.go:57.25,59.3 1 1
github.com/Ulbora/six910-mysql/cartItem.go:68.69,69.25 1 1
github.com/Ulbora/six910-mysql/cartItem.go:72.2,76.40 5 1
github.com/Ulbora/six910-mysql/cartItem.go:84.2,84.13 1 1
github.com/Ulbora/six910-mysql/cartItem.go:69.25,71.3 1 1
github.com/Ulbora/six910-mysql/cartItem.go:76.40,78.28 2 1
github.com/Ulbora/six910-mysql/cartItem.go:78.28,82.4 3 1
github.com/Ulbora/six910-mysql/cartItem.go:88.53,89.25 1 1
github.com/Ulbora/six910-mysql/cartItem.go:92.2,94.42 3 1
github.com/Ulbora/six910-mysql/cartItem.go:89.25,91.3 1 1
github.com/Ulbora/six910-mysql/cartItem.go:97.74,100.24 3 1
github.com/Ulbora/six910-mysql/cartItem.go:122.2,122.13 1 1
github.com/Ulbora/six910-mysql/cartItem.go:100.24,103.17 3 1
github.com/Ulbora/six910-mysql/cartItem.go:103.17,106.19 3 1
github.com/Ulbora/six910-mysql/cartItem.go:106.19,109.20 3 1
github.com/Ulbora/six910-mysql/cartItem.go:109.20,112.21 3 1
github.com/Ulbora/six910-mysql/cartItem.go:112.21,117.7 4 1
github.com/Ulbora/six910-mysql/mockDb.go:270.50,272.2 1 1
github.com/Ulbora/six910-mysql/mockDbMeths.go:26.70,28.2 1 1
github.com/Ulbora/six910-mysql/mockDbMeths.go:31.64,33.2 1 1
github.com/Ulbora/six910-mysql/mockDbMeths.go:36.55,38.2 1 1
github.com/Ulbora/six910-mysql/mockDbMeths.go:41.49,43.2 1 1
github.com/Ulbora/six910-mysql/mockDbMeths.go:48.64,50.2 1 1
github.com/Ulbora/six910-mysql/mockDbMeths.go:53.58,55.2 1 1
github.com/Ulbora/six910-mysql/mockDbMeths.go:58.61,60.2 1 1
github.com/Ulbora/six910-mysql/mockDbMeths.go:63.54,65.2 1 1
github.com/Ulbora/six910-mysql/mockDbMeths.go:68.59,70.2 1 1
github.com/Ulbora/six910-mysql/mockDbMeths.go:73.74,75.2 1 1
github.com/Ulbora/six910-mysql/mockDbMeths.go:78.49,80.2 1 1
github.com/Ulbora/six910-mysql/mockDbMeths.go:83.54,85.2 1 1
github.com/Ulbora/six910-mysql/mockDbMeths.go:90.70,92.2 1 1
github.com/Ulbora/six910-mysql/mockDbMeths.go:95.64,97.2 1 1
github.com/Ulbora/six910-mysql/mockDbMeths.go:100.82,102.2 1 1
github.com/Ulbora/six910-mysql/mockDbMeths.go:105.98,107.2 1 1
github.com/Ulbora/six910-mysql/mockDbMeths.go:110.65,112.2 1 1
github.com/Ulbora/six910-mysql/mockDbMeths.go:115.57,117.2 1 1
github.com/Ulbora/six910-mysql/mockDbMeths.go:122.69,124.2 1 1
github.com/Ulbora/six910-mysql/mockDbMeths.go:127.72,129.2 1 1
github.com/Ulbora/six910-mysql/mockDbMeths.go:132.93,134.2 1 1
github.com/Ulbora/six910-mysql/mockDbMeths.go:137.80,139.2 1 1
github.com/Ulbora/six910-mysql/mockDbMeths.go:142.83,144.2 1 1
github.com/Ulbora/six910-mysql/mockDbMeths.go:149.77,151.2 1 1
github.com/Ulbora/six910-mysql/mockDbMeths.go:154.71,156.2 1 1
github.com/Ulbora/six910-mysql/mockDbMeths.go:159.69,161.2 1 1
github.com/Ulbora/six910-mysql/mockDbMeths.go:164.78,166.2 1 1
github.com/Ulbora/six910-mysql/mockDbMeths.go:169.60,171.2 1 1
github.com/Ulbora/six910-mysql/mockDbMeths.go:176.62,178.2 1 1
github.com/Ulbora/six910-mysql/mockDbMeths.go:181.56,183.2 1 1
github.com/Ulbora/six910-mysql/mockDbMeths.go:186.56,188.2 1 1
github.com/Ulbora/six910-mysql/mockDbMeths.go:191.53,193.2 1 1
github.com/Ulbora/six910-mysql/mockDbMeths.go:198.71,200.2 1 1
github.com/Ulbora/six910-mysql/mockDbMeths.go:203.65,205.2 1 1
github.com/Ulbora/six910-mysql/mockDbMeths.go:208.80,210.2 1 1
github.com/Ulbora/six910-mysql/mockDbMeths.go:213.73,215.2 1 1
github.com/Ulbora/six910-mysql/mockDbMeths.go:218.57,220.2 1 1
github.com/Ulbora/six910-mysql/mockDbMeths.go:225.68,227.2 1 1
github.com/Ulbora/six910-mysql/mockDbMeths.go:230.62,232.2 1 1
github.com/Ulbora/six910-mysql/mockDbMeths.go:235.61,237.2 1 1
github.com/Ulbora/six910-mysql/mockDbMeths.go:240.68,242.2 1 1
github.com/Ulbora/six910-mysql/mockDbMeths.go:245.56,247.2 1 1
github.com/Ulbora/six910-mysql/mockDbMeths.go:252.70,254.2 1 1
github.com/Ulbora/six910-mysql/mockDbMeths.go:257.64,259.2 1 1
github.com/Ulbora/six910-mysql/mockDbMeths.go:262.63,264.2 1 1
github.com/Ulbora/six910-mysql/mockDbMeths.go:267.86,269.2 1 1
github.com/Ulbora/six910-mysql/mockDbMeths.go:272.74,274.2 1 1
github.com/Ulbora/six910-mysql/mockDbMeths.go:277.75,279.2 1 1
github.com/Ulbora/six910-mysql/mockDbMeths.go:282.57,284.2 1 1
github.com/Ulbora/six910-mysql/mockDbMeths.go:289.82,291.2 1 1
github.com/Ulbora/six910-mysql/mockDbMeths.go:294.76,296.2 1 1
github.com/Ulbora/six910-mysql/mockDbMeths.go:299.75,301.2 1 1
github.com/Ulbora/six910-mysql/mockDbMeths.go:304.86,306.2 1 1
github.com/Ulbora/six910-mysql/mockDbMeths.go:309.63,311.2 1 1
github.com/Ulbora/six910-mysql/mockDbMeths.go:316.72,318.2 1 1
github.com/Ulbora/six910-mysql/mockDbMeths.go:321.66,323.2 1 1
github.com/Ulbora/six910-mysql/mockDbMeths.go:326.65,328.2 1 1
github.com/Ulbora/six910-mysql/mockDbMeths.go:331.76,333.2 1 1
github.com/Ulbora/six910-mysql/mockDbMeths.go:336.58,338.2 1 1
github.com/Ulbora/six910-mysql/mockDbMeths.go:343.68,345.2 1 1
github.com/Ulbora/six910-mysql/mockDbMeths.go:348.62,350.2 1 1
github.com/Ulbora/six910-mysql/mockDbMeths.go:353.65,355.2 1 1
github.com/Ulbora/six910-mysql/mockDbMeths.go:358.104,360.2 1 1
github.com/Ulbora/six910-mysql/mockDbMeths.go:363.103,365.2 1 1
github.com/Ulbora/six910-mysql/mockDbMeths.go:368.112,370.2 1 1
github.com/Ulbora/six910-mysql/mockDbMeths.go:373.101,375.2 1 1
github.com/Ulbora/six910-mysql/mockDbMeths.go:378.96,380.2 1 1
github.com/Ulbora/six910-mysql/mockDbMeths.go:383.56,385.2 1 1
github.com/Ulbora/six910-mysql/mockDbMeths.go:390.66,392.2 1 1
github.com/Ulbora/six910-mysql/mockDbMeths.go:395.60,397.2 1 1
github.com/Ulbora/six910-mysql/mockDbMeths.go:400.59,402.2 1 1
github.com/Ulbora/six910-mysql/mockDbMeths.go:405.70,407.2 1 1
github.com/Ulbora/six910-mysql/mockDbMeths.go:410.55,412.2 1 1
github.com/Ulbora/six910-mysql/mockDbMeths.go:417.72,419.2 1 1
github.com/Ulbora/six910-mysql/mockDbMeths.go:422.66,424.2 1 1
github.com/Ulbora/six910-mysql/mockDbMeths.go:427.65,429.2 1 1
github.com/Ulbora/six910-mysql/mockDbMeths.go:432.77,434.2 1 1
github.com/Ulbora/six910-mysql/mockDbMeths.go:437.58,439.2 1 1
github.com/Ulbora/six910-mysql/mockDbMeths.go:444.88,446.2 1 1
github.com/Ulbora/six910-mysql/mockDbMeths.go:449.82,451.2 1 1
github.com/Ulbora/six910-mysql/mockDbMeths.go:454.81,456.2 1 1
github.com/Ulbora/six910-mysql/mockDbMeths.go:459.93,461.2 1 1
github.com/Ulbora/six910-mysql/mockDbMeths.go:464.66,466.2 1 1
github.com/Ulbora/six910-mysql/mockDbMeths.go:471.88,473.2 1 1
github.com/Ulbora/six910-mysql/mockDbMeths.go:476.82,478.2 1 1
github.com/Ulbora/six910-mysql/mockDbMeths.go:481.81,483.2 1 1
github.com/Ulbora/six910-mysql/mockDbMeths.go:486.93,488.2 1 1
github.com/Ulbora/six910-mysql/mockDbMeths.go:491.66,493.2 1 1
github.com/Ulbora/six910-mysql/mockDbMeths.go:498.68,500.2 1 1
github.com/Ulbora/six910-mysql/mockDbMeths.go:503.80,505.2 1 1
github.com/Ulbora/six910-mysql/mockDbMeths.go:508.81,510.2 1 1
github.com/Ulbora/six910-mysql/mockDbMeths.go:513.56,515.2 1 1
github.com/Ulbora/six910-mysql/mockDbMeths.go:520.76,522.2 1 1
github.com/Ulbora/six910-mysql/mockDbMeths.go:525.76,527.2 1 1
github.com/Ulbora/six910-mysql/mockDbMeths.go:530.79,532.2 1 1
github.com/Ulbora/six910-mysql/mockDbMeths.go:537.64,539.2 1 1
github.com/Ulbora/six910-mysql/mockDbMeths.go:542.58,544.2 1 1
github.com/Ulbora/six910-mysql/mockDbMeths.go:547.57,549.2 1 1
github.com/Ulbora/six910-mysql/mockDbMeths.go:552.79,554.2 1 1
github.com/Ulbora/six910-mysql/mockDbMeths.go:557.73,559.2 1 1
github.com/Ulbora/six910-mysql/mockDbMeths.go:562.96,564.2 1 1
github.com/Ulbora/six910-mysql/mockDbMeths.go:567.54,569.2 1 1
github.com/Ulbora/six910-mysql/mockDbMeths.go:574.72,576.2 1 1
github.com/Ulbora/six910-mysql/mockDbMeths.go:579.66,581.2 1 1
github.com/Ulbora/six910-mysql/mockDbMeths.go:584.65,586.2 1 1
github.com/Ulbora/six910-mysql/mockDbMeths.go:589.76,591.2 1 1
github.com/Ulbora/six910-mysql/mockDbMeths.go:594.58,596.2 1 1
github.com/Ulbora/six910-mysql/mockDbMeths.go:601.79,603.2 1 1
github.com/Ulbora/six910-mysql/mockDbMeths.go:606.82,608.2 1 1
github.com/Ulbora/six910-mysql/mockDbMeths.go:613.86,615.2 1 1
github.com/Ulbora/six910-mysql/mockDbMeths.go:618.90,620.2 1 1
github.com/Ulbora/six910-mysql/mockDbMeths.go:625.70,627.2 1 1
github.com/Ulbora/six910-mysql/mockDbMeths.go:630.64,632.2 1 1
github.com/Ulbora/six910-mysql/mockDbMeths.go:635.63,637.2 1 1
github.com/Ulbora/six910-mysql/mockDbMeths.go:640.74,642.2 1 1
github.com/Ulbora/six910-mysql/mockDbMeths.go:645.57,647.2 1 1
github.com/Ulbora/six910-mysql/mockDbMeths.go:652.77,654.2 1 1
github.com/Ulbora/six910-mysql/mockDbMeths.go:657.71,659.2 1 1
github.com/Ulbora/six910-mysql/mockDbMeths.go:662.69,664.2 1 1
github.com/Ulbora/six910-mysql/mockDbMeths.go:667.83,669.2 1 1
github.com/Ulbora/six910-mysql/mockDbMeths.go:672.60,674.2 1 1
github.com/Ulbora/six910-mysql/mockDbMeths.go:679.79,681.2 1 1
github.com/Ulbora/six910-mysql/mockDbMeths.go:684.73,686.2 1 1
github.com/Ulbora/six910-mysql/mockDbMeths.go:689.71,691.2 1 1
github.com/Ulbora/six910-mysql/mockDbMeths.go:694.85,696.2 1 1
github.com/Ulbora/six910-mysql/mockDbMeths.go:699.107,701.2 1 1
github.com/Ulbora/six910-mysql/mockDbMeths.go:704.61,706.2 1 1
github.com/Ulbora/six910-mysql/mockDbMeths.go:711.67,713.2 1 1
github.com/Ulbora/six910-mysql/mockDbMeths.go:716.61,718.2 1 1
github.com/Ulbora/six910-mysql/mockDbMeths.go:721.60,723.2 1 1
github.com/Ulbora/six910-mysql/mockDbMeths.go:726.80,728.2 1 1
github.com/Ulbora/six910-mysql/mockDbMeths.go:731.55,733.2 1 1
github.com/Ulbora/six910-mysql/mockDbMeths.go:738.78,740.2 1 1
github.com/Ulbora/six910-mysql/mockDbMeths.go:743.72,745.2 1 1
github.com/Ulbora/six910-mysql/mockDbMeths.go:748.70,750.2 1 1
github.com/Ulbora/six910-mysql/mockDbMeths.go:753.81,755.2 1 1
github.com/Ulbora/six910-mysql/mockDbMeths.go:758.60,760.2 1 1
github.com/Ulbora/six910-mysql/mockDbMeths.go:765.84,767.2 1 1
github.com/Ulbora/six910-mysql/mockDbMeths.go:770.78,772.2 1 1
github.com/Ulbora/six910-mysql/mockDbMeths.go:775.75,777.2 1 1
github.com/Ulbora/six910-mysql/mockDbMeths.go:780.83,782.2 1 1
github.com/Ulbora/six910-mysql/mockDbMeths.go:785.63,787.2 1 1
github.com/Ulbora/six910-mysql/mockDbMeths.go:792.84,794.2 1 1
github.com/Ulbora/six910-mysql/mockDbMeths.go:797.78,799.2 1 1
github.com/Ulbora/six910-mysql/mockDbMeths.go:802.77,804.2 1 1
github.com/Ulbora/six910-mysql/mockDbMeths.go:807.88,809.2 1 1
github.com/Ulbora/six910-mysql/mockDbMeths.go:812.64,814.2 1 1
github.com/Ulbora/six910-mysql/mockDbMeths.go:824.74,826.2 1 1
github.com/Ulbora/six910-mysql/mockDbMeths.go:832.77,834.2 1 1
github.com/Ulbora/six910-mysql/mockDbMeths.go:839.102,841.2 1 1
github.com/Ulbora/six910-mysql/mockDbMeths.go:848.62,850.2 1 1
github.com/Ulbora/six910-mysql/mockDbMeths.go:855.65,857.2 1 1
github.com/Ulbora/six910-mysql/mockDbMeths.go:862.104,864.2 1 1
github.com/Ulbora/six910-mysql/mockDbMeths.go:867.97,869.2 1 1
github.com/Ulbora/six910-mysql/mockDbMeths.go:876.81,878.2 1 1
github.com/Ulbora/six910-mysql/mockDbMeths.go:881.84,883.2 1 1
github.com/Ulbora/six910-mysql/mockDbMeths.go:888.106,890.2 1 1
github.com/Ulbora/six910-mysql/mockDbMeths.go:893.68,895.2 1 1
github.com/Ulbora/six910-mysql/mockDbMeths.go:898.62,900.2 1 1
github.com/Ulbora/six910-mysql/mockDbMeths.go:903.98,905.2 1 1
github.com/Ulbora/six910-mysql/mockDbMeths.go:908.72,910.2 1 1
github.com/Ulbora/six910-mysql/mockDbMeths.go:913.56,915.2 1 1
github.com/Ulbora/six910-mysql/insurance.go:32.68,33.25 1 1
github.com/Ulbora/six910-mysql/insurance.go:36.2,41.16 6 1
github.com/Ulbora/six910-mysql/insurance.go:33.25,35.3 1 1
github.com/Ulbora/six910-mysql/insurance.go:45.62,46.25 1 1
github.com/Ulbora/six910-mysql/insurance.go:49.2,52.12 4 1
github.com/Ulbora/six910-mysql/insurance.go:46.25,48.3 1 1
github.com/Ulbora/six910-mysql/insurance.go:56.61,57.25 1 1
github.com/Ulbora/six910-mysql/insurance.go:60.2,64.12 5 1
github.com/Ulbora/six910-mysql/insurance.go:57.25,59.3 1 1
github.com/Ulbora/six910-mysql/insurance.go:68.72,69.25 1 1
github.com/Ulbora/six910-mysql/insurance.go:72.2,76.40 5 1
github.com/Ulbora/six910-mysql/insurance.go:84.2,84.13 1 1
github.com/Ulbora/six910-mysql/insurance.go:69.25,71.3 1 1
github.com/Ulbora/six910-mysql/insurance.go:76.40,78.28 2 1
github.com/Ulbora/six910-mysql/insurance.go:78.28,82.4 3 1
github.com/Ulbora/six910-mysql/insurance.go:88.54,89.25 1 1
github.com/Ulbora/six910-mysql/insurance.go:92.2,94.43 3 1
github.com/Ulbora/six910-mysql/insurance.go:89.25,91.3 1 1
github.com/Ulbora/six910-mysql/insurance.go:97.76,100.24 3 1
github.com/Ulbora/six910-mysql/insurance.go:127.2,127.13 1 1
github.com/Ulbora/six910-mysql/insurance.go:100.24,103.17 3 1
github.com/Ulbora/six910-mysql/insurance.go:103.17,106.19 3 1
github.com/Ulbora/six910-mysql/insurance.go:106.19,109.19 3 1
github.com/Ulbora/six910-mysql/insurance.go:109.19,112.20 3 1
github.com/Ulbora/six910-mysql/insurance.go:112.20,115.21 3 1
github.com/Ulbora/six910-mysql/insurance.go:115.21,121.8 5 1
github.com/Ulbora/six910-mysql/orderComment.go:32.75,33.25 1 1
github.com/Ulbora/six910-mysql/orderComment.go:36.2,41.16 6 1
github.com/Ulbora/six910-mysql/orderComment.go:33.25,35.3 1 1
github.com/Ulbora/six910-mysql/orderComment.go:45.78,46.25 1 1
github.com/Ulbora/six910-mysql/orderComment.go:49.2,53.40 5 1
github.com/Ulbora/six910-mysql/orderComment.go:61.2,61.13 1 1
github.com/Ulbora/six910-mysql/orderComment.go:46.25,48.3 1 1
github.com/Ulbora/six910-mysql/orderComment.go:53.40,55.28 2 1
github.com/Ulbora/six910-mysql/orderComment.go:55.28,59.4 3 1
github.com/Ulbora/six910-mysql/orderComment.go:64.82,67.24 3 1
github.com/Ulbora/six910-mysql/orderComment.go:81.2,81.13 1 1
github.com/Ulbora/six910-mysql/orderComment.go:67.24,70.17 3 1
github.com/Ulbora/six910-mysql/orderComment.go:70.17,73.18 3 1
github.com/Ulbora/six910-mysql/orderComment.go:73.18,78.5 4 1
github.com/Ulbora/six910-mysql/region.go:32.62,33.25 1 1
github.com/Ulbora/six910-mysql/region.go:36.2,41.16 6 1
github.com/Ulbora/six910-mysql/region.go:33.25,35.3 1 1
github.com/Ulbora/six910-mysql/region.go:45.56,46.25 1 1
github.com/Ulbora/six910-mysql/region.go:49.2,52.12 4 1
github.com/Ulbora/six910-mysql/region.go:46.25,48.3 1 1
github.com/Ulbora/six910-mysql/region.go:56.55,57.25 1 1
github.com/Ulbora/six910-mysql/region.go:60.2,64.12 5 1
github.com/Ulbora/six910-mysql/region.go:57.25,59.3 1 1
github.com/Ulbora/six910-mysql/region.go:68.66,69.25 1 1
github.com/Ulbora/six910-mysql/region.go:72.2,76.40 5 1
github.com/Ulbora/six910-mysql/region.go:84.2,84.13 1 1
github.com/Ulbora/six910-mysql/region.go:69.25,71.3 1 1
github.com/Ulbora/six910-mysql/region.go:76.40,78.28 2 1
github.com/Ulbora/six910-mysql/region.go:78.28,82.4 3 1
github.com/Ulbora/six910-mysql/region.go:88.51,89.25 1 1
github.com/Ulbora/six910-mysql/region.go:92.2,94.40 3 1
github.com/Ulbora/six910-mysql/region.go:89.25,91.3 1 1
github.com/Ulbora/six910-mysql/region.go:97.70,100.24 3 1
github.com/Ulbora/six910-mysql/region.go:114.2,114.13 1 1
github.com/Ulbora/six910-mysql/region.go:100.24,103.17 3 1
github.com/Ulbora/six910-mysql/region.go:103.17,106.19 3 1
github.com/Ulbora/six910-mysql/region.go:106.19,111.5 4 1
github.com/Ulbora/six910-mysql/order.go:33.60,34.25 1 1
github.com/Ulbora/six910-mysql/order.go:37.2,45.16 6 1
github.com/Ulbora/six910-mysql/order.go:34.25,36.3 1 1
github.com/Ulbora/six910-mysql/order.go:49.54,50.25 1 1
github.com/Ulbora/six910-mysql/order.go:53.2,59.12 4 1
github.com/Ulbora/six910-mysql/order.go:50.25,52.3 1 1
github.com/Ulbora/six910-mysql/order.go:63.53,64.25 1 1
github.com/Ulbora/six910-mysql/order.go:67.2,71.12 5 1
github.com/Ulbora/six910-mysql/order.go:64.25,66.3 1 1
github.com/Ulbora/six910-mysql/order.go:75.75,76.25 1 1
github.com/Ulbora/six910-mysql/order.go:79.2,83.40 5 1
github.com/Ulbora/six910-mysql/order.go:91.2,91.13 1 1
github.com/Ulbora/six910-mysql/order.go:76.25,78.3 1 1
github.com/Ulbora/six910-mysql/order.go:83.40,85.28 2 1
github.com/Ulbora/six910-mysql/order.go:85.28,89.4 3 1
github.com/Ulbora/six910-mysql/order.go:95.69,96.25 1 1
github.com/Ulbora/six910-mysql/order.go:99.2,103.40 5 1
github.com/Ulbora/six910-mysql/order.go:111.2,111.13 1 1
github.com/Ulbora/six910-mysql/order.go:96.25,98.3 1 1
github.com/Ulbora/six910-mysql/order.go:103.40,105.28 2 1
github.com/Ulbora/six910-mysql/order.go:105.28,109.4 3 1
github.com/Ulbora/six910-mysql/order.go:115.92,116.25 1 1
github.com/Ulbora/six910-mysql/order.go:119.2,123.40 5 1
github.com/Ulbora/six910-mysql/order.go:131.2,131.13 1 1
github.com/Ulbora/six910-mysql/order.go:116.25,118.3 1 1
github.com/Ulbora/six910-mysql/order.go:123.40,125.28 2 1
github.com/Ulbora/six910-mysql/order.go:125.28,129.4 3 1
github.com/Ulbora/six910-mysql/order.go:135.50,136.25 1 1
github.com/Ulbora/six910-mysql/order.go:139.2,141.39 3 1
github.com/Ulbora/six910-mysql/order.go:136.25,138.3 1 1
github.com/Ulbora/six910-mysql/order.go:144.68,147.24 3 1
github.com/Ulbora/six910-mysql/order.go:229.2,229.13 1 1
github.com/Ulbora/six910-mysql/order.go:147.24,150.17 3 1
github.com/Ulbora/six910-mysql/order.go:150.17,153.19 3 1
github.com/Ulbora/six910-mysql/order.go:153.19,156.20 3 1
github.com/Ulbora/six910-mysql/order.go:156.20,159.22 3 1
github.com/Ulbora/six910-mysql/order.go:159.22,162.21 3 1
github.com/Ulbora/six910-mysql/order.go:162.21,165.22 3 1
github.com/Ulbora/six910-mysql/order.go:165.22,168.23 3 1
github.com/Ulbora/six910-mysql/order.go:168.23,171.24 3 1
github.com/Ulbora/six910-mysql/order.go:171.24,174.25 3 1
github.com/Ulbora/six910-mysql/order.go:174.25,177.26 3 1
github.com/Ulbora/six910-mysql/order.go:177.26,180.27 3 1
github.com/Ulbora/six910-mysql/order.go:180.27,183.28 3 1
github.com/Ulbora/six910-mysql/order.go:183.28,186.29 3 1
github.com/Ulbora/six910-mysql/order.go:186.29,189.30 3 1
github.com/Ulbora/six910-mysql/order.go:189.30,213.17 23 1
github.com/Ulbora/six910-mysql/security.go:30.66,31.25 1 1
github.com/Ulbora/six910-mysql/security.go:34.2,39.16 6 1
github.com/Ulbora/six910-mysql/security.go:31.25,33.3 1 1
github.com/Ulbora/six910-mysql/security.go:43.60,44.25 1 1
github.com/Ulbora/six910-mysql/security.go:47.2,50.12 4 1
github.com/Ulbora/six910-mysql/security.go:44.25,46.3 1 1
github.com/Ulbora/six910-mysql/security.go:54.51,56.25 2 1
github.com/Ulbora/six910-mysql/security.go:59.2,62.40 4 1
github.com/Ulbora/six910-mysql/security.go:79.2,79.13 1 1
github.com/Ulbora/six910-mysql/security.go:56.25,58.3 1 1
github.com/Ulbora/six910-mysql/security.go:62.40,64.28 2 1
github.com/Ulbora/six910-mysql/security.go:64.28,67.25 3 1
github.com/Ulbora/six910-mysql/security.go:76.4,76.9 1 1
github.com/Ulbora/six910-mysql/security.go:67.25,69.19 2 1
github.com/Ulbora/six910-mysql/security.go:69.19,71.20 2 1
github.com/Ulbora/six910-mysql/security.go:71.20,73.7 1 1
github.com/Ulbora/six910-mysql/security.go:83.45,84.25 1 1
github.com/Ulbora/six910-mysql/security.go:87.2,89.42 2 1
github.com/Ulbora/six910-mysql/security.go:84.25,86.3 1 1
github.com/Ulbora/six910-mysql/taxRate.go:30.64,31.25 1 1
github.com/Ulbora/six910-mysql/taxRate.go:34.2,40.16 6 1
github.com/Ulbora/six910-mysql/taxRate.go:31.25,33.3 1 1
github.com/Ulbora/six910-mysql/taxRate.go:44.58,45.25 1 1
github.com/Ulbora/six910-mysql/taxRate.go:48.2,52.12 4 1
github.com/Ulbora/six910-mysql/taxRate.go:45.25,47.3 1 1
github.com/Ulbora/six910-mysql/taxRate.go:56.94,57.25 1 1
github.com/Ulbora/six910-mysql/taxRate.go:60.2,64.40 5 1
github.com/Ulbora/six910-mysql/taxRate.go:72.2,72.13 1 1
github.com/Ulbora/six910-mysql/taxRate.go:57.25,59.3 1 1
github.com/Ulbora/six910-mysql/taxRate.go:64.40,66.28 2 1
github.com/Ulbora/six910-mysql/taxRate.go:66.28,70.4 3 1
github.com/Ulbora/six910-mysql/taxRate.go:76.68,77.25 1 1
github.com/Ulbora/six910-mysql/taxRate.go:80.2,84.40 5 1
github.com/Ulbora/six910-mysql/taxRate.go:92.2,92.13 1 1
github.com/Ulbora/six910-mysql/taxRate.go:77.25,79.3 1 1
github.com/Ulbora/six910-mysql/taxRate.go:84.40,86.28 2 1
github.com/Ulbora/six910-mysql/taxRate.go:86.28,90.4 3 1
github.com/Ulbora/six910-mysql/taxRate.go:96.52,97.25 1 1
github.com/Ulbora/six910-mysql/taxRate.go:100.2,102.41 3 1
github.com/Ulbora/six910-mysql/taxRate.go:97.25,99.3 1 1
github.com/Ulbora/six910-mysql/taxRate.go:105.72,108.24 3 1
github.com/Ulbora/six910-mysql/taxRate.go:143.2,143.13 1 1
github.com/Ulbora/six910-mysql/taxRate.go:108.24,111.17 3 1
github.com/Ulbora/six910-mysql/taxRate.go:111.17,114.18 3 1
github.com/Ulbora/six910-mysql/taxRate.go:114.18,117.19 3 1
github.com/Ulbora/six910-mysql/taxRate.go:117.19,120.20 3 1
github.com/Ulbora/six910-mysql/taxRate.go:120.20,122.21 2 1
github.com/Ulbora/six910-mysql/taxRate.go:122.21,124.22 2 1
github.com/Ulbora/six910-mysql/taxRate.go:124.22,136.9 11 1
github.com/Ulbora/six910-mysql/category.go:32.66,33.25 1 1
github.com/Ulbora/six910-mysql/category.go:36.2,41.16 6 1
github.com/Ulbora/six910-mysql/category.go:33.25,35.3 1 1
github.com/Ulbora/six910-mysql/category.go:45.60,46.25 1 1
github.com/Ulbora/six910-mysql/category.go:49.2,52.12 4 1
github.com/Ulbora/six910-mysql/category.go:46.25,48.3 1 1
github.com/Ulbora/six910-mysql/category.go:56.59,57.25 1 1
github.com/Ulbora/six910-mysql/category.go:60.2,64.12 5 1
github.com/Ulbora/six910-mysql/category.go:57.25,59.3 1 1
github.com/Ulbora/six910-mysql/category.go:68.82,69.25 1 1
github.com/Ulbora/six910-mysql/category.go:72.2,77.42 6 1
github.com/Ulbora/six910-mysql/category.go:86.2,92.40 7 1
github.com/Ulbora/six910-mysql/category.go:101.2,101.13 1 1
github.com/Ulbora/six910-mysql/category.go:69.25,71.3 1 1
github.com/Ulbora/six910-mysql/category.go:77.42,79.28 2 1
github.com/Ulbora/six910-mysql/category.go:79.28,84.4 4 1
github.com/Ulbora/six910-mysql/category.go:92.40,94.28 2 1
github.com/Ulbora/six910-mysql/category.go:94.28,99.4 4 1
github.com/Ulbora/six910-mysql/category.go:105.70,106.25 1 1
github.com/Ulbora/six910-mysql/category.go:109.2,113.40 5 1
github.com/Ulbora/six910-mysql/category.go:121.2,121.13 1 1
github.com/Ulbora/six910-mysql/category.go:106.25,108.3 1 1
github.com/Ulbora/six910-mysql/category.go:113.40,115.28 2 1
github.com/Ulbora/six910-mysql/category.go:115.28,119.4 3 1
github.com/Ulbora/six910-mysql/category.go:125.71,126.25 1 1
github.com/Ulbora/six910-mysql/category.go:129.2,133.40 5 1
github.com/Ulbora/six910-mysql/category.go:141.2,141.13 1 1
github.com/Ulbora/six910-mysql/category.go:126.25,128.3 1 1
github.com/Ulbora/six910-mysql/category.go:133.40,135.28 2 1
github.com/Ulbora/six910-mysql/category.go:135.28,139.4 3 1
github.com/Ulbora/six910-mysql/category.go:145.53,146.25 1 1
github.com/Ulbora/six910-mysql/category.go:149.2,151.42 3 1
github.com/Ulbora/six910-mysql/category.go:146.25,148.3 1 1
github.com/Ulbora/six910-mysql/category.go:154.74,157.24 3 1
github.com/Ulbora/six910-mysql/category.go:178.2,178.13 1 1
github.com/Ulbora/six910-mysql/category.go:157.24,160.17 3 1
github.com/Ulbora/six910-mysql/category.go:160.17,163.19 3 1
github.com/Ulbora/six910-mysql/category.go:163.19,166.20 3 1
github.com/Ulbora/six910-mysql/category.go:166.20,174.6 7 1
github.com/Ulbora/six910-mysql/category.go:181.77,185.24 3 1
github.com/Ulbora/six910-mysql/category.go:202.2,202.17 1 1
github.com/Ulbora/six910-mysql/category.go:185.24,188.17 3 1
github.com/Ulbora/six910-mysql/category.go:188.17,190.32 2 1
github.com/Ulbora/six910-mysql/category.go:190.32,192.15 2 1
github.com/Ulbora/six910-mysql/category.go:192.15,193.35 1 1
github.com/Ulbora/six910-mysql/category.go:193.35,195.7 1 1
github.com/Ulbora/six910-mysql/category.go:195.12,195.28 1 1
github.com/Ulbora/six910-mysql/category.go:195.28,197.7 1 1
github.com/Ulbora/six910-mysql/distributor.go:32.73,33.25 1 1
github.com/Ulbora/six910-mysql/distributor.go:36.2,41.16 6 1
github.com/Ulbora/six910-mysql/distributor.go:33.25,35.3 1 1
github.com/Ulbora/six910-mysql/distributor.go:45.67,46.25 1 1
github.com/Ulbora/six910-mysql/distributor.go:49.2,52.12 4 1
github.com/Ulbora/six910-mysql/distributor.go:46.25,48.3 1 1
github.com/Ulbora/six910-mysql/distributor.go:56.65,57.25 1 1
github.com/Ulbora/six910-mysql/distributor.go:60.2,64.12 5 1
github.com/Ulbora/six910-mysql/distributor.go:57.25,59.3 1 1
github.com/Ulbora/six910-mysql/distributor.go:68.74,69.25 1 1
github.com/Ulbora/six910-mysql/distributor.go:72.2,76.40 5 1
github.com/Ulbora/six910-mysql/distributor.go:84.2,84.13 1 1
github.com/Ulbora/six910-mysql/distributor.go:69.25,71.3 1 1
github.com/Ulbora/six910-mysql/distributor.go:76.40,78.28 2 1
github.com/Ulbora/six910-mysql/distributor.go:78.28,82.4 3 1
github.com/Ulbora/six910-mysql/distributor.go:88.56,89.25 1 1
github.com/Ulbora/six910-mysql/distributor.go:92.2,94.45 3 1
github.com/Ulbora/six910-mysql/distributor.go:89.25,91.3 1 1
github.com/Ulbora/six910-mysql/distributor.go:97.80,100.24 3 1
github.com/Ulbora/six910-mysql/distributor.go:115.2,115.13 1 1
github.com/Ulbora/six910-mysql/distributor.go:100.24,103.17 3 1
github.com/Ulbora/six910-mysql/distributor.go:103.17,106.19 3 1
github.com/Ulbora/six910-mysql/distributor.go:106.19,112.5 5 1
github.com/Ulbora/six910-mysql/paymentGateway.go:32.80,33.25 1 1
github.com/Ulbora/six910-mysql/paymentGateway.go:36.2,42.16 6 1
github.com/Ulbora/six910-mysql/paymentGateway.go:33.25,35.3 1 1
github.com/Ulbora/six910-mysql/paymentGateway.go:46.74,47.25 1 1
github.com/Ulbora/six910-mysql/paymentGateway.go:50.2,54.12 4 1
github.com/Ulbora/six910-mysql/paymentGateway.go:47.25,49.3 1 1
github.com/Ulbora/six910-mysql/paymentGateway.go:58.71,59.25 1 1
github.com/Ulbora/six910-mysql/paymentGateway.go:62.2,66.12 5 1
github.com/Ulbora/six910-mysql/paymentGateway.go:59.25,61.3 1 1
github.com/Ulbora/six910-mysql/paymentGateway.go:70.79,71.25 1 1
github.com/Ulbora/six910-mysql/paymentGateway.go:74.2,78.40 5 1
github.com/Ulbora/six910-mysql/paymentGateway.go:86.2,86.13 1 1
github.com/Ulbora/six910-mysql/paymentGateway.go:71.25,73.3 1 1
github.com/Ulbora/six910-mysql/paymentGateway.go:78.40,80.28 2 1
github.com/Ulbora/six910-mysql/paymentGateway.go:80.28,84.4 3 1
github.com/Ulbora/six910-mysql/paymentGateway.go:90.59,91.25 1 1
github.com/Ulbora/six910-mysql/paymentGateway.go:94.2,96.48 3 1
github.com/Ulbora/six910-mysql/paymentGateway.go:91.25,93.3 1 1
github.com/Ulbora/six910-mysql/paymentGateway.go:99.86,102.24 3 1
github.com/Ulbora/six910-mysql/paymentGateway.go:119.2,119.13 1 1
github.com/Ulbora/six910-mysql/paymentGateway.go:102.24,105.17 3 1
github.com/Ulbora/six910-mysql/paymentGateway.go:105.17,108.18 3 1
github.com/Ulbora/six910-mysql/paymentGateway.go:108.18,116.5 7 1
github.com/Ulbora/six910-mysql/subRegion.go:32.68,33.25 1 1
github.com/Ulbora/six910-mysql/subRegion.go:36.2,41.16 6 1
github.com/Ulbora/six910-mysql/subRegion.go:33.25,35.3 1 1
github.com/Ulbora/six910-mysql/subRegion.go:45.62,46.25 1 1
github.com/Ulbora/six910-mysql/subRegion.go:49.2,52.12 4 1
github.com/Ulbora/six910-mysql/subRegion.go:46.25,48.3 1 1
github.com/Ulbora/six910-mysql/subRegion.go:56.61,57.25 1 1
github.com/Ulbora/six910-mysql/subRegion.go:60.2,64.12 5 1
github.com/Ulbora/six910-mysql/subRegion.go:57.25,59.3 1 1
github.com/Ulbora/six910-mysql/subRegion.go:68.73,69.25 1 1
github.com/Ulbora/six910-mysql/subRegion.go:72.2,76.40 5 1
github.com/Ulbora/six910-mysql/subRegion.go:84.2,84.13 1 1
github.com/Ulbora/six910-mysql/subRegion.go:69.25,71.3 1 1
github.com/Ulbora/six910-mysql/subRegion.go:76.40,78.28 2 1
github.com/Ulbora/six910-mysql/subRegion.go:78.28,82.4 3 1
github.com/Ulbora/six910-mysql/subRegion.go:88.54,89.25 1 1
github.com/Ulbora/six910-mysql/subRegion.go:92.2,94.43 3 1
github.com/Ulbora/six910-mysql/subRegion.go:89.25,91.3 1 1
github.com/Ulbora/six910-mysql/subRegion.go:97.76,100.24 3 1
github.com/Ulbora/six910-mysql/subRegion.go:114.2,114.13 1 1
github.com/Ulbora/six910-mysql/subRegion.go:100.24,103.17 3 1
github.com/Ulbora/six910-mysql/subRegion.go:103.17,106.19 3 1
github.com/Ulbora/six910-mysql/subRegion.go:106.19,111.5 4 1
github.com/Ulbora/six910-mysql/localDatastore.go:38.70,39.25 1 1
github.com/Ulbora/six910-mysql/localDatastore.go:42.2,47.12 6 1
github.com/Ulbora/six910-mysql/localDatastore.go:39.25,41.3 1 1
github.com/Ulbora/six910-mysql/localDatastore.go:54.73,55.25 1 1
github.com/Ulbora/six910-mysql/localDatastore.go:58.2,61.12 4 1
github.com/Ulbora/six910-mysql/localDatastore.go:55.25,57.3 1 1
github.com/Ulbora/six910-mysql/localDatastore.go:67.98,68.25 1 1
github.com/Ulbora/six910-mysql/localDatastore.go:71.2,75.12 5 1
github.com/Ulbora/six910-mysql/localDatastore.go:68.25,70.3 1 1
github.com/Ulbora/six910-mysql/localDatastore.go:78.86,81.24 3 1
github.com/Ulbora/six910-mysql/localDatastore.go:98.2,98.13 1 1
github.com/Ulbora/six910-mysql/localDatastore.go:81.24,84.17 3 1
github.com/Ulbora/six910-mysql/localDatastore.go:84.17,87.18 3 1
github.com/Ulbora/six910-mysql/localDatastore.go:87.18,89.19 2 1
github.com/Ulbora/six910-mysql/localDatastore.go:89.19,94.6 4 1
github.com/Ulbora/six910-mysql/shipment.go:33.66,34.25 1 1
github.com/Ulbora/six910-mysql/shipment.go:37.2,42.16 6 1
github.com/Ulbora/six910-mysql/shipment.go:34.25,36.3 1 1
github.com/Ulbora/six910-mysql/shipment.go:46.60,47.25 1 1
github.com/Ulbora/six910-mysql/shipment.go:50.2,53.12 4 1
github.com/Ulbora/six910-mysql/shipment.go:47.25,49.3 1 1
github.com/Ulbora/six910-mysql/shipment.go:57.59,58.25 1 1
github.com/Ulbora/six910-mysql/shipment.go:61.2,65.12 5 1
github.com/Ulbora/six910-mysql/shipment.go:58.25,60.3 1 1
github.com/Ulbora/six910-mysql/shipment.go:69.70,70.25 1 1
github.com/Ulbora/six910-mysql/shipment.go:73.2,77.40 5 1
github.com/Ulbora/six910-mysql/shipment.go:85.2,85.13 1 1
github.com/Ulbora/six910-mysql/shipment.go:70.25,72.3 1 1
github.com/Ulbora/six910-mysql/shipment.go:77.40,79.28 2 1
github.com/Ulbora/six910-mysql/shipment.go:79.28,83.4 3 1
github.com/Ulbora/six910-mysql/shipment.go:89.53,90.25 1 1
github.com/Ulbora/six910-mysql/shipment.go:93.2,95.42 3 1
github.com/Ulbora/six910-mysql/shipment.go:90.25,92.3 1 1
github.com/Ulbora/six910-mysql/shipment.go:98.74,101.24 3 1
github.com/Ulbora/six910-mysql/shipment.go:135.2,135.13 1 1
github.com/Ulbora/six910-mysql/shipment.go:101.24,104.17 3 1
github.com/Ulbora/six910-mysql/shipment.go:104.17,107.18 3 1
github.com/Ulbora/six910-mysql/shipment.go:107.18,110.19 3 1
github.com/Ulbora/six910-mysql/shipment.go:110.19,113.20 3 1
github.com/Ulbora/six910-mysql/shipment.go:113.20,115.23 2 1
github.com/Ulbora/six910-mysql/shipment.go:115.23,118.22 3 1
github.com/Ulbora/six910-mysql/shipment.go:118.22,128.9 9 1
github.com/Ulbora/six910-mysql/includedSubRegion.go:32.84,33.25 1 1
github.com/Ulbora/six910-mysql/includedSubRegion.go:36.2,41.16 6 1
github.com/Ulbora/six910-mysql/includedSubRegion.go:33.25,35.3 1 1
github.com/Ulbora/six910-mysql/includedSubRegion.go:45.78,48.2 1 1
github.com/Ulbora/six910-mysql/includedSubRegion.go:51.77,52.25 1 1
github.com/Ulbora/six910-mysql/includedSubRegion.go:55.2,59.12 5 1
github.com/Ulbora/six910-mysql/includedSubRegion.go:52.25,54.3 1 1
github.com/Ulbora/six910-mysql/includedSubRegion.go:63.89,64.25 1 1
github.com/Ulbora/six910-mysql/includedSubRegion.go:67.2,71.40 5 1
github.com/Ulbora/six910-mysql/includedSubRegion.go:79.2,79.13 1 1
github.com/Ulbora/six910-mysql/includedSubRegion.go:64.25,66.3 1 1
github.com/Ulbora/six910-mysql/includedSubRegion.go:71.40,73.28 2 1
github.com/Ulbora/six910-mysql/includedSubRegion.go:73.28,77.4 3 1
github.com/Ulbora/six910-mysql/includedSubRegion.go:83.62,84.25 1 1
github.com/Ulbora/six910-mysql/includedSubRegion.go:87.2,89.51 3 1
github.com/Ulbora/six910-mysql/includedSubRegion.go:84.25,86.3 1 1
github.com/Ulbora/six910-mysql/includedSubRegion.go:92.92,95.24 3 1
github.com/Ulbora/six910-mysql/includedSubRegion.go:117.2,117.13 1 1
github.com/Ulbora/six910-mysql/includedSubRegion.go:95.24,98.17 3 1
github.com/Ulbora/six910-mysql/includedSubRegion.go:98.17,101.19 3 1
github.com/Ulbora/six910-mysql/includedSubRegion.go:101.19,104.20 3 1
github.com/Ulbora/six910-mysql/includedSubRegion.go:104.20,107.21 3 1
github.com/Ulbora/six910-mysql/includedSubRegion.go:107.21,112.7 4 1
github.com/Ulbora/six910-mysql/instance.go:35.58,36.25 1 1
github.com/Ulbora/six910-mysql/instance.go:39.2,44.12 6 1
github.com/Ulbora/six910-mysql/instance.go:36.25,38.3 1 1
github.com/Ulbora/six910-mysql/instance.go:50.61,51.25 1 1
github.com/Ulbora/six910-mysql/instance.go:54.2,57.12 4 1
github.com/Ulbora/six910-mysql/instance.go:51.25,53.3 1 1
github.com/Ulbora/six910-mysql/instance.go:63.100,64.25 1 1
github.com/Ulbora/six910-mysql/instance.go:67.2,71.12 5 1
github.com/Ulbora/six910-mysql/instance.go:64.25,66.3 1 1
github.com/Ulbora/six910-mysql/instance.go:75.93,76.25 1 1
github.com/Ulbora/six910-mysql/instance.go:79.2,83.40 5 1
github.com/Ulbora/six910-mysql/instance.go:91.2,91.13 1 1
github.com/Ulbora/six910-mysql/instance.go:76.25,78.3 1 1
github.com/Ulbora/six910-mysql/instance.go:83.40,85.28 2 1
github.com/Ulbora/six910-mysql/instance.go:85.28,89.4 3 1
github.com/Ulbora/six910-mysql/instance.go:94.75,97.24 3 1
github.com/Ulbora/six910-mysql/instance.go:111.2,111.13 1 1
github.com/Ulbora/six910-mysql/instance.go:97.24,100.17 3 1
github.com/Ulbora/six910-mysql/instance.go:100.17,103.18 3 1
github.com/Ulbora/six910-mysql/instance.go:103.18,108.5 4 1
github.com/Ulbora/six910-mysql/orderItem.go:32.68,33.25 1 1
github.com/Ulbora/six910-mysql/orderItem.go:36.2,42.16 6 1
github.com/Ulbora/six910-mysql/orderItem.go:33.25,35.3 1 1
github.com/Ulbora/six910-mysql/orderItem.go:46.62,47.25 1 1
github.com/Ulbora/six910-mysql/orderItem.go:50.2,53.12 4 1
github.com/Ulbora/six910-mysql/orderItem.go:47.25,49.3 1 1
github.com/Ulbora/six910-mysql/orderItem.go:57.61,58.25 1 1
github.com/Ulbora/six910-mysql/orderItem.go:61.2,65.12 5 1
github.com/Ulbora/six910-mysql/orderItem.go:58.25,60.3 1 1
github.com/Ulbora/six910-mysql/orderItem.go:69.72,70.25 1 1
github.com/Ulbora/six910-mysql/orderItem.go:73.2,77.40 5 1
github.com/Ulbora/six910-mysql/orderItem.go:85.2,85.13 1 1
github.com/Ulbora/six910-mysql/orderItem.go:70.25,72.3 1 1
github.com/Ulbora/six910-mysql/orderItem.go:77.40,79.28 2 1
github.com/Ulbora/six910-mysql/orderItem.go:79.28,83.4 3 1
github.com/Ulbora/six910-mysql/orderItem.go:89.54,90.25 1 1
github.com/Ulbora/six910-mysql/orderItem.go:93.2,95.43 3 1
github.com/Ulbora/six910-mysql/orderItem.go:90.25,92.3 1 1
github.com/Ulbora/six910-mysql/orderItem.go:98.76,101.24 3 1
github.com/Ulbora/six910-mysql/orderItem.go:133.2,133.13 1 1
github.com/Ulbora/six910-mysql/orderItem.go:101.24,104.17 3 1
github.com/Ulbora/six910-mysql/orderItem.go:104.17,107.18 3 1
github.com/Ulbora/six910-mysql/orderItem.go:107.18,110.19 3 1
github.com/Ulbora/six910-mysql/orderItem.go:110.19,113.20 3 1
github.com/Ulbora/six910-mysql/orderItem.go:113.20,115.23 2 1
github.com/Ulbora/six910-mysql/orderItem.go:115.23,117.24 2 1
github.com/Ulbora/six910-mysql/orderItem.go:117.24,126.9 8 1
github.com/Ulbora/six910-mysql/shipmentItem.go:33.75,34.25 1 1
github.com/Ulbora/six910-mysql/shipmentItem.go:37.2,42.16 6 1
github.com/Ulbora/six910-mysql/shipmentItem.go:34.25,36.3 1 1
github.com/Ulbora/six910-mysql/shipmentItem.go:46.69,47.25 1 1
github.com/Ulbora/six910-mysql/shipmentItem.go:50.2,53.12 4 1
github.com/Ulbora/six910-mysql/shipmentItem.go:47.25,49.3 1 1
github.com/Ulbora/six910-mysql/shipmentItem.go:57.67,58.25 1 1
github.com/Ulbora/six910-mysql/shipmentItem.go:61.2,65.12 5 1
github.com/Ulbora/six910-mysql/shipmentItem.go:58.25,60.3 1 1
github.com/Ulbora/six910-mysql/shipmentItem.go:69.81,70.25 1 1
github.com/Ulbora/six910-mysql/shipmentItem.go:73.2,77.40 5 1
github.com/Ulbora/six910-mysql/shipmentItem.go:85.2,85.13 1 1
github.com/Ulbora/six910-mysql/shipmentItem.go:70.25,72.3 1 1
github.com/Ulbora/six910-mysql/shipmentItem.go:77.40,79.28 2 1
github.com/Ulbora/six910-mysql/shipmentItem.go:79.28,83.4 3 1
github.com/Ulbora/six910-mysql/shipmentItem.go:89.103,90.25 1 1
github.com/Ulbora/six910-mysql/shipmentItem.go:93.2,97.40 5 1
github.com/Ulbora/six910-mysql/shipmentItem.go:105.2,105.13 1 1
github.com/Ulbora/six910-mysql/shipmentItem.go:90.25,92.3 1 1
github.com/Ulbora/six910-mysql/shipmentItem.go:97.40,99.28 2 1
github.com/Ulbora/six910-mysql/shipmentItem.go:99.28,103.4 3 1
github.com/Ulbora/six910-mysql/shipmentItem.go:109.57,110.25 1 1
github.com/Ulbora/six910-mysql/shipmentItem.go:113.2,115.46 3 1
github.com/Ulbora/six910-mysql/shipmentItem.go:110.25,112.3 1 1
github.com/Ulbora/six910-mysql/shipmentItem.go:118.82,121.24 3 1
github.com/Ulbora/six910-mysql/shipmentItem.go:152.2,152.13 1 1
github.com/Ulbora/six910-mysql/shipmentItem.go:121.24,124.17 3 1
github.com/Ulbora/six910-mysql/shipmentItem.go:124.17,127.18 3 1
github.com/Ulbora/six910-mysql/shipmentItem.go:127.18,130.19 3 1
github.com/Ulbora/six910-mysql/shipmentItem.go:130.19,133.20 3 1
github.com/Ulbora/six910-mysql/shipmentItem.go:133.20,135.23 2 1
github.com/Ulbora/six910-mysql/shipmentItem.go:135.23,138.22 3 1
github.com/Ulbora/six910-mysql/shipmentItem.go:138.22,145.9 6 1
github.com/Ulbora/six910-mysql/store.go:32.60,33.25 1 1
github.com/Ulbora/six910-mysql/store.go:36.2,42.16 6 1
github.com/Ulbora/six910-mysql/store.go:33.25,35.3 1 1
github.com/Ulbora/six910-mysql/store.go:46.54,47.25 1 1
github.com/Ulbora/six910-mysql/store.go:50.2,54.12 4 1
github.com/Ulbora/six910-mysql/store.go:47.25,49.3 1 1
github.com/Ulbora/six910-mysql/store.go:58.57,59.25 1 1
github.com/Ulbora/six910-mysql/store.go:62.2,66.12 5 1
github.com/Ulbora/six910-mysql/store.go:59.25,61.3 1 1
github.com/Ulbora/six910-mysql/store.go:70.50,72.25 2 1
github.com/Ulbora/six910-mysql/store.go:75.2,75.30 1 1
github.com/Ulbora/six910-mysql/store.go:91.2,91.12 1 1
github.com/Ulbora/six910-mysql/store.go:72.25,74.3 1 1
github.com/Ulbora/six910-mysql/store.go:75.30,79.41 3 1
github.com/Ulbora/six910-mysql/store.go:79.41,81.29 2 0
github.com/Ulbora/six910-mysql/store.go:81.29,84.10 3 0
github.com/Ulbora/six910-mysql/store.go:95.55,96.25 1 1
github.com/Ulbora/six910-mysql/store.go:99.2,103.12 5 1
github.com/Ulbora/six910-mysql/store.go:96.25,98.3 1 1
github.com/Ulbora/six910-mysql/store.go:107.70,108.25 1 1
github.com/Ulbora/six910-mysql/store.go:111.2,115.12 5 1
github.com/Ulbora/six910-mysql/store.go:108.25,110.3 1 1
github.com/Ulbora/six910-mysql/store.go:119.45,121.25 2 1
github.com/Ulbora/six910-mysql/store.go:124.2,126.22 3 1
github.com/Ulbora/six910-mysql/store.go:133.2,133.12 1 1
github.com/Ulbora/six910-mysql/store.go:121.25,123.3 1 1
github.com/Ulbora/six910-mysql/store.go:126.22,129.17 3 1
github.com/Ulbora/six910-mysql/store.go:129.17,131.4 1 1
github.com/Ulbora/six910-mysql/store.go:137.50,138.25 1 1
github.com/Ulbora/six910-mysql/store.go:141.2,143.39 3 1
github.com/Ulbora/six910-mysql/store.go:138.25,140.3 1 1
github.com/Ulbora/six910-mysql/store.go:146.68,149.24 3 1
github.com/Ulbora/six910-mysql/store.go:186.2,186.13 1 1
github.com/Ulbora/six910-mysql/store.go:149.24,152.17 3 1
github.com/Ulbora/six910-mysql/store.go:152.17,155.19 3 1
github.com/Ulbora/six910-mysql/store.go:155.19,158.20 3 1
github.com/Ulbora/six910-mysql/store.go:158.20,161.22 3 1
github.com/Ulbora/six910-mysql/store.go:161.22,181.7 19 1
github.com/Ulbora/six910-mysql/cart.go:33.58,34.25 1 1
github.com/Ulbora/six910-mysql/cart.go:37.2,42.16 6 1
github.com/Ulbora/six910-mysql/cart.go:34.25,36.3 1 1
github.com/Ulbora/six910-mysql/cart.go:46.52,47.25 1 1
github.com/Ulbora/six910-mysql/cart.go:50.2,53.12 4 1
github.com/Ulbora/six910-mysql/cart.go:47.25,49.3 1 1
github.com/Ulbora/six910-mysql/cart.go:57.52,58.25 1 1
github.com/Ulbora/six910-mysql/cart.go:61.2,65.40 5 1
github.com/Ulbora/six910-mysql/cart.go:73.2,73.12 1 1
github.com/Ulbora/six910-mysql/cart.go:58.25,60.3 1 1
github.com/Ulbora/six910-mysql/cart.go:65.40,67.28 2 1
github.com/Ulbora/six910-mysql/cart.go:67.28,70.9 3 1
github.com/Ulbora/six910-mysql/cart.go:77.49,78.25 1 1
github.com/Ulbora/six910-mysql/cart.go:81.2,83.38 3 1
github.com/Ulbora/six910-mysql/cart.go:78.25,80.3 1 1
github.com/Ulbora/six910-mysql/cart.go:86.66,89.24 3 1
github.com/Ulbora/six910-mysql/cart.go:113.2,113.13 1 1
github.com/Ulbora/six910-mysql/cart.go:89.24,92.17 3 1
github.com/Ulbora/six910-mysql/cart.go:92.17,95.19 3 1
github.com/Ulbora/six910-mysql/cart.go:95.19,98.20 3 1
github.com/Ulbora/six910-mysql/cart.go:98.20,101.21 3 1
github.com/Ulbora/six910-mysql/cart.go:101.21,108.7 6 1
github.com/Ulbora/six910-mysql/customer.go:33.66,34.25 1 1
github.com/Ulbora/six910-mysql/customer.go:37.2,43.16 6 1
github.com/Ulbora/six910-mysql/customer.go:34.25,36.3 1 1
github.com/Ulbora/six910-mysql/customer.go:47.60,48.25 1 1
github.com/Ulbora/six910-mysql/customer.go:51.2,55.12 4 1
github.com/Ulbora/six910-mysql/customer.go:48.25,50.3 1 1
github.com/Ulbora/six910-mysql/customer.go:59.78,60.25 1 1
github.com/Ulbora/six910-mysql/customer.go:63.2,67.12 5 1
github.com/Ulbora/six910-mysql/customer.go:60.25,62.3 1 1
github.com/Ulbora/six910-mysql/customer.go:71.94,72.25 1 1
github.com/Ulbora/six910-mysql/customer.go:75.2,79.40 5 1
github.com/Ulbora/six910-mysql/customer.go:87.2,87.13 1 1
github.com/Ulbora/six910-mysql/customer.go:72.25,74.3 1 1
github.com/Ulbora/six910-mysql/customer.go:79.40,81.28 2 1
github.com/Ulbora/six910-mysql/customer.go:81.28,85.4 3 1
github.com/Ulbora/six910-mysql/customer.go:91.61,92.25 1 1
github.com/Ulbora/six910-mysql/customer.go:95.2,99.12 5 1
github.com/Ulbora/six910-mysql/customer.go:92.25,94.3 1 1
github.com/Ulbora/six910-mysql/customer.go:103.53,104.25 1 1
github.com/Ulbora/six910-mysql/customer.go:107.2,109.42 3 1
github.com/Ulbora/six910-mysql/customer.go:104.25,106.3 1 1
github.com/Ulbora/six910-mysql/customer.go:112.74,115.24 3 1
github.com/Ulbora/six910-mysql/customer.go:146.2,146.13 1 1
github.com/Ulbora/six910-mysql/customer.go:115.24,118.17 3 1
github.com/Ulbora/six910-mysql/customer.go:118.17,121.19 3 1
github.com/Ulbora/six910-mysql/customer.go:121.19,124.20 3 1
github.com/Ulbora/six910-mysql/customer.go:124.20,127.22 3 1
github.com/Ulbora/six910-mysql/customer.go:127.22,141.7 13 1
github.com/Ulbora/six910-mysql/excludedSubRegion.go:32.84,33.25 1 1
github.com/Ulbora/six910-mysql/excludedSubRegion.go:36.2,41.16 6 1
github.com/Ulbora/six910-mysql/excludedSubRegion.go:33.25,35.3 1 1
github.com/Ulbora/six910-mysql/excludedSubRegion.go:45.78,48.2 1 1
github.com/Ulbora/six910-mysql/excludedSubRegion.go:51.77,52.25 1 1
github.com/Ulbora/six910-mysql/excludedSubRegion.go:55.2,59.12 5 1
github.com/Ulbora/six910-mysql/excludedSubRegion.go:52.25,54.3 1 1
github.com/Ulbora/six910-mysql/excludedSubRegion.go:63.89,64.25 1 1
github.com/Ulbora/six910-mysql/excludedSubRegion.go:67.2,71.40 5 1
github.com/Ulbora/six910-mysql/excludedSubRegion.go:79.2,79.13 1 1
github.com/Ulbora/six910-mysql/excludedSubRegion.go:64.25,66.3 1 1
github.com/Ulbora/six910-mysql/excludedSubRegion.go:71.40,73.28 2 1
github.com/Ulbora/six910-mysql/excludedSubRegion.go:73.28,77.4 3 1
github.com/Ulbora/six910-mysql/excludedSubRegion.go:83.62,84.25 1 1
github.com/Ulbora/six910-mysql/excludedSubRegion.go:87.2,89.51 3 1
github.com/Ulbora/six910-mysql/excludedSubRegion.go:84.25,86.3 1 1
github.com/Ulbora/six910-mysql/excludedSubRegion.go:92.92,95.24 3 1
github.com/Ulbora/six910-mysql/excludedSubRegion.go:117.2,117.13 1 1
github.com/Ulbora/six910-mysql/excludedSubRegion.go:95.24,98.17 3 1
github.com/Ulbora/six910-mysql/excludedSubRegion.go:98.17,101.19 3 1
github.com/Ulbora/six910-mysql/excludedSubRegion.go:101.19,104.20 3 1
github.com/Ulbora/six910-mysql/excludedSubRegion.go:104.20,107.21 3 1
github.com/Ulbora/six910-mysql/excludedSubRegion.go:107.21,112.7 4 1
github.com/Ulbora/six910-mysql/shippingCarrier.go:32.80,33.25 1 1
github.com/Ulbora/six910-mysql/shippingCarrier.go:36.2,41.16 6 1
github.com/Ulbora/six910-mysql/shippingCarrier.go:33.25,35.3 1 1
github.com/Ulbora/six910-mysql/shippingCarrier.go:45.74,46.25 1 1
github.com/Ulbora/six910-mysql/shippingCarrier.go:49.2,52.12 4 1
github.com/Ulbora/six910-mysql/shippingCarrier.go:46.25,48.3 1 1
github.com/Ulbora/six910-mysql/shippingCarrier.go:56.73,57.25 1 1
github.com/Ulbora/six910-mysql/shippingCarrier.go:60.2,64.12 5 1
github.com/Ulbora/six910-mysql/shippingCarrier.go:57.25,59.3 1 1
github.com/Ulbora/six910-mysql/shippingCarrier.go:68.84,69.25 1 1
github.com/Ulbora/six910-mysql/shippingCarrier.go:72.2,76.40 5 1
github.com/Ulbora/six910-mysql/shippingCarrier.go:84.2,84.13 1 1
github.com/Ulbora/six910-mysql/shippingCarrier.go:69.25,71.3 1 1
github.com/Ulbora/six910-mysql/shippingCarrier.go:76.40,78.28 2 1
github.com/Ulbora/six910-mysql/shippingCarrier.go:78.28,82.4 3 1
github.com/Ulbora/six910-mysql/shippingCarrier.go:88.60,89.25 1 1
github.com/Ulbora/six910-mysql/shippingCarrier.go:92.2,94.49 3 1
github.com/Ulbora/six910-mysql/shippingCarrier.go:89.25,91.3 1 1
github.com/Ulbora/six910-mysql/shippingCarrier.go:97.88,100.24 3 1
github.com/Ulbora/six910-mysql/shippingCarrier.go:114.2,114.13 1 1
github.com/Ulbora/six910-mysql/shippingCarrier.go:100.24,103.17 3 1
github.com/Ulbora/six910-mysql/shippingCarrier.go:103.17,106.19 3 1
github.com/Ulbora/six910-mysql/shippingCarrier.go:106.19,111.5 4 1
github.com/Ulbora/six910-mysql/shippingMethod.go:32.78,33.25 1 1
github.com/Ulbora/six910-mysql/shippingMethod.go:36.2,42.16 6 1
github.com/Ulbora/six910-mysql/shippingMethod.go:33.25,35.3 1 1
github.com/Ulbora/six910-mysql/shippingMethod.go:46.72,47.25 1 1
github.com/Ulbora/six910-mysql/shippingMethod.go:50.2,53.12 4 1
github.com/Ulbora/six910-mysql/shippingMethod.go:47.25,49.3 1 1
github.com/Ulbora/six910-mysql/shippingMethod.go:57.71,58.25 1 1
github.com/Ulbora/six910-mysql/shippingMethod.go:61.2,65.12 5 1
github.com/Ulbora/six910-mysql/shippingMethod.go:58.25,60.3 1 1
github.com/Ulbora/six910-mysql/shippingMethod.go:69.82,70.25 1 1
github.com/Ulbora/six910-mysql/shippingMethod.go:73.2,77.40 5 1
github.com/Ulbora/six910-mysql/shippingMethod.go:85.2,85.13 1 1
github.com/Ulbora/six910-mysql/shippingMethod.go:70.25,72.3 1 1
github.com/Ulbora/six910-mysql/shippingMethod.go:77.40,79.28 2 1
github.com/Ulbora/six910-mysql/shippingMethod.go:79.28,83.4 3 1
github.com/Ulbora/six910-mysql/shippingMethod.go:89.59,90.25 1 1
github.com/Ulbora/six910-mysql/shippingMethod.go:93.2,95.48 3 1
github.com/Ulbora/six910-mysql/shippingMethod.go:90.25,92.3 1 1
github.com/Ulbora/six910-mysql/shippingMethod.go:98.86,101.24 3 1
github.com/Ulbora/six910-mysql/shippingMethod.go:154.2,154.13 1 1
github.com/Ulbora/six910-mysql/shippingMethod.go:101.24,104.17 3 1
github.com/Ulbora/six910-mysql/shippingMethod.go:104.17,107.19 3 1
github.com/Ulbora/six910-mysql/shippingMethod.go:107.19,110.19 3 1
github.com/Ulbora/six910-mysql/shippingMethod.go:110.19,113.20 3 1
github.com/Ulbora/six910-mysql/shippingMethod.go:113.20,116.21 3 1
github.com/Ulbora/six910-mysql/shippingMethod.go:116.21,119.22 3 1
github.com/Ulbora/six910-mysql/shippingMethod.go:119.22,122.23 3 1
github.com/Ulbora/six910-mysql/shippingMethod.go:122.23,125.24 3 1
github.com/Ulbora/six910-mysql/shippingMethod.go:125.24,128.25 3 1
github.com/Ulbora/six910-mysql/shippingMethod.go:128.25,131.26 3 1
github.com/Ulbora/six910-mysql/shippingMethod.go:131.26,143.13 11 1
github.com/Ulbora/six910-mysql/dataStoreWriteLock.go:35.77,36.25 1 1
github.com/Ulbora/six910-mysql/dataStoreWriteLock.go:39.2,45.12 6 1
github.com/Ulbora/six910-mysql/dataStoreWriteLock.go:36.25,38.3 1 1
github.com/Ulbora/six910-mysql/dataStoreWriteLock.go:49.80,50.25 1 1
github.com/Ulbora/six910-mysql/dataStoreWriteLock.go:53.2,57.12 4 1
github.com/Ulbora/six910-mysql/dataStoreWriteLock.go:50.25,52.3 1 1
github.com/Ulbora/six910-mysql/dataStoreWriteLock.go:63.102,64.25 1 1
github.com/Ulbora/six910-mysql/dataStoreWriteLock.go:67.2,71.12 5 1
github.com/Ulbora/six910-mysql/dataStoreWriteLock.go:64.25,66.3 1 1
github.com/Ulbora/six910-mysql/dataStoreWriteLock.go:74.94,77.24 3 1
github.com/Ulbora/six910-mysql/dataStoreWriteLock.go:96.2,96.13 1 1
github.com/Ulbora/six910-mysql/dataStoreWriteLock.go:77.24,80.17 3 1
github.com/Ulbora/six910-mysql/dataStoreWriteLock.go:80.17,82.18 2 1
github.com/Ulbora/six910-mysql/dataStoreWriteLock.go:82.18,85.19 3 1
github.com/Ulbora/six910-mysql/dataStoreWriteLock.go:87.5,92.38 6 1
github.com/Ulbora/six910-mysql/dataStoreWriteLock.go:85.20,86.6 0 1
github.com/Ulbora/six910-mysql/db.go:45.46,47.2 1 1
github.com/Ulbora/six910-mysql/db.go:49.45,57.26 8 1
github.com/Ulbora/six910-mysql/db.go:69.2,69.12 1 1
github.com/Ulbora/six910-mysql/db.go:57.26,62.17 3 1
github.com/Ulbora/six910-mysql/db.go:65.3,65.20 1 1
github.com/Ulbora/six910-mysql/db.go:62.17,64.4 1 0
github.com/Ulbora/six910-mysql/db.go:65.20,67.4 1 1
github.com/Ulbora/six910-mysql/productCategory.go:32.72,33.25 1 1
github.com/Ulbora/six910-mysql/productCategory.go:36.2,41.12 6 1
github.com/Ulbora/six910-mysql/productCategory.go:33.25,35.3 1 1
github.com/Ulbora/six910-mysql/productCategory.go:45.72,47.25 2 1
github.com/Ulbora/six910-mysql/productCategory.go:50.2,53.40 4 1
github.com/Ulbora/six910-mysql/productCategory.go:62.2,62.13 1 1
github.com/Ulbora/six910-mysql/productCategory.go:47.25,49.3 1 1
github.com/Ulbora/six910-mysql/productCategory.go:53.40,55.28 2 1
github.com/Ulbora/six910-mysql/productCategory.go:55.28,60.4 4 1
github.com/Ulbora/six910-mysql/productCategory.go:66.75,67.25 1 1
github.com/Ulbora/six910-mysql/productCategory.go:70.2,72.49 3 1
github.com/Ulbora/six910-mysql/productCategory.go:67.25,69.3 1 1
