mode: set
github.com/Ulbora/six910-mysql/mockDb.go:262.50,264.2 1 1
github.com/Ulbora/six910-mysql/order.go:33.60,34.25 1 1
github.com/Ulbora/six910-mysql/order.go:37.2,44.16 6 1
github.com/Ulbora/six910-mysql/order.go:34.25,36.3 1 1
github.com/Ulbora/six910-mysql/order.go:48.54,49.25 1 1
github.com/Ulbora/six910-mysql/order.go:52.2,57.12 4 1
github.com/Ulbora/six910-mysql/order.go:49.25,51.3 1 1
github.com/Ulbora/six910-mysql/order.go:61.53,62.25 1 1
github.com/Ulbora/six910-mysql/order.go:65.2,69.12 5 1
github.com/Ulbora/six910-mysql/order.go:62.25,64.3 1 1
github.com/Ulbora/six910-mysql/order.go:73.75,74.25 1 1
github.com/Ulbora/six910-mysql/order.go:77.2,81.40 5 1
github.com/Ulbora/six910-mysql/order.go:89.2,89.13 1 1
github.com/Ulbora/six910-mysql/order.go:74.25,76.3 1 1
github.com/Ulbora/six910-mysql/order.go:81.40,83.28 2 1
github.com/Ulbora/six910-mysql/order.go:83.28,87.4 3 1
github.com/Ulbora/six910-mysql/order.go:93.50,94.25 1 1
github.com/Ulbora/six910-mysql/order.go:97.2,99.39 3 1
github.com/Ulbora/six910-mysql/order.go:94.25,96.3 1 1
github.com/Ulbora/six910-mysql/order.go:102.68,105.24 3 1
github.com/Ulbora/six910-mysql/order.go:175.2,175.13 1 1
github.com/Ulbora/six910-mysql/order.go:105.24,108.17 3 1
github.com/Ulbora/six910-mysql/order.go:108.17,111.19 3 1
github.com/Ulbora/six910-mysql/order.go:111.19,114.20 3 1
github.com/Ulbora/six910-mysql/order.go:114.20,117.22 3 1
github.com/Ulbora/six910-mysql/order.go:117.22,120.21 3 1
github.com/Ulbora/six910-mysql/order.go:120.21,123.22 3 1
github.com/Ulbora/six910-mysql/order.go:123.22,126.23 3 1
github.com/Ulbora/six910-mysql/order.go:126.23,129.24 3 1
github.com/Ulbora/six910-mysql/order.go:129.24,132.25 3 1
github.com/Ulbora/six910-mysql/order.go:132.25,135.26 3 1
github.com/Ulbora/six910-mysql/order.go:135.26,138.27 3 1
github.com/Ulbora/six910-mysql/order.go:138.27,141.28 3 1
github.com/Ulbora/six910-mysql/order.go:141.28,162.15 20 1
github.com/Ulbora/six910-mysql/productCategory.go:28.72,29.25 1 1
github.com/Ulbora/six910-mysql/productCategory.go:32.2,37.12 6 1
github.com/Ulbora/six910-mysql/productCategory.go:29.25,31.3 1 1
github.com/Ulbora/six910-mysql/productCategory.go:41.75,42.25 1 1
github.com/Ulbora/six910-mysql/productCategory.go:45.2,47.49 3 1
github.com/Ulbora/six910-mysql/productCategory.go:42.25,44.3 1 1
github.com/Ulbora/six910-mysql/storePlugin.go:33.74,34.25 1 1
github.com/Ulbora/six910-mysql/storePlugin.go:37.2,44.16 6 1
github.com/Ulbora/six910-mysql/storePlugin.go:34.25,36.3 1 1
github.com/Ulbora/six910-mysql/storePlugin.go:48.68,50.25 2 1
github.com/Ulbora/six910-mysql/storePlugin.go:53.2,54.27 2 1
github.com/Ulbora/six910-mysql/storePlugin.go:66.2,66.12 1 1
github.com/Ulbora/six910-mysql/storePlugin.go:50.25,52.3 1 1
github.com/Ulbora/six910-mysql/storePlugin.go:54.27,59.3 2 1
github.com/Ulbora/six910-mysql/storePlugin.go:59.8,64.3 2 1
github.com/Ulbora/six910-mysql/storePlugin.go:70.66,71.25 1 1
github.com/Ulbora/six910-mysql/storePlugin.go:74.2,78.12 5 1
github.com/Ulbora/six910-mysql/storePlugin.go:71.25,73.3 1 1
github.com/Ulbora/six910-mysql/storePlugin.go:82.77,83.25 1 1
github.com/Ulbora/six910-mysql/storePlugin.go:86.2,90.40 5 1
github.com/Ulbora/six910-mysql/storePlugin.go:98.2,98.13 1 1
github.com/Ulbora/six910-mysql/storePlugin.go:83.25,85.3 1 1
github.com/Ulbora/six910-mysql/storePlugin.go:90.40,92.28 2 1
github.com/Ulbora/six910-mysql/storePlugin.go:92.28,96.4 3 1
github.com/Ulbora/six910-mysql/storePlugin.go:102.56,103.25 1 1
github.com/Ulbora/six910-mysql/storePlugin.go:106.2,108.45 3 1
github.com/Ulbora/six910-mysql/storePlugin.go:103.25,105.3 1 1
github.com/Ulbora/six910-mysql/storePlugin.go:111.81,114.24 3 1
github.com/Ulbora/six910-mysql/storePlugin.go:162.2,162.13 1 1
github.com/Ulbora/six910-mysql/storePlugin.go:114.24,117.17 3 1
github.com/Ulbora/six910-mysql/storePlugin.go:117.17,120.18 3 1
github.com/Ulbora/six910-mysql/storePlugin.go:120.18,123.19 3 1
github.com/Ulbora/six910-mysql/storePlugin.go:123.19,126.20 3 1
github.com/Ulbora/six910-mysql/storePlugin.go:126.20,129.21 3 1
github.com/Ulbora/six910-mysql/storePlugin.go:129.21,132.22 3 1
github.com/Ulbora/six910-mysql/storePlugin.go:132.22,136.23 4 1
github.com/Ulbora/six910-mysql/storePlugin.go:136.23,154.10 17 1
github.com/Ulbora/six910-mysql/subRegion.go:32.68,33.25 1 1
github.com/Ulbora/six910-mysql/subRegion.go:36.2,41.16 6 1
github.com/Ulbora/six910-mysql/subRegion.go:33.25,35.3 1 1
github.com/Ulbora/six910-mysql/subRegion.go:45.62,46.25 1 1
github.com/Ulbora/six910-mysql/subRegion.go:49.2,52.12 4 1
github.com/Ulbora/six910-mysql/subRegion.go:46.25,48.3 1 1
github.com/Ulbora/six910-mysql/subRegion.go:56.61,57.25 1 1
github.com/Ulbora/six910-mysql/subRegion.go:60.2,64.12 5 1
github.com/Ulbora/six910-mysql/subRegion.go:57.25,59.3 1 1
github.com/Ulbora/six910-mysql/subRegion.go:68.73,69.25 1 1
github.com/Ulbora/six910-mysql/subRegion.go:72.2,76.40 5 1
github.com/Ulbora/six910-mysql/subRegion.go:84.2,84.13 1 1
github.com/Ulbora/six910-mysql/subRegion.go:69.25,71.3 1 1
github.com/Ulbora/six910-mysql/subRegion.go:76.40,78.28 2 1
github.com/Ulbora/six910-mysql/subRegion.go:78.28,82.4 3 1
github.com/Ulbora/six910-mysql/subRegion.go:88.54,89.25 1 1
github.com/Ulbora/six910-mysql/subRegion.go:92.2,94.43 3 1
github.com/Ulbora/six910-mysql/subRegion.go:89.25,91.3 1 1
github.com/Ulbora/six910-mysql/subRegion.go:97.76,100.24 3 1
github.com/Ulbora/six910-mysql/subRegion.go:114.2,114.13 1 1
github.com/Ulbora/six910-mysql/subRegion.go:100.24,103.17 3 1
github.com/Ulbora/six910-mysql/subRegion.go:103.17,106.19 3 1
github.com/Ulbora/six910-mysql/subRegion.go:106.19,111.5 4 1
github.com/Ulbora/six910-mysql/zoneZip.go:32.64,33.25 1 1
github.com/Ulbora/six910-mysql/zoneZip.go:36.2,41.16 6 1
github.com/Ulbora/six910-mysql/zoneZip.go:33.25,35.3 1 1
github.com/Ulbora/six910-mysql/zoneZip.go:45.76,46.25 1 1
github.com/Ulbora/six910-mysql/zoneZip.go:49.2,53.40 5 1
github.com/Ulbora/six910-mysql/zoneZip.go:61.2,61.13 1 1
github.com/Ulbora/six910-mysql/zoneZip.go:46.25,48.3 1 1
github.com/Ulbora/six910-mysql/zoneZip.go:53.40,55.28 2 1
github.com/Ulbora/six910-mysql/zoneZip.go:55.28,59.4 3 1
github.com/Ulbora/six910-mysql/zoneZip.go:65.77,66.25 1 1
github.com/Ulbora/six910-mysql/zoneZip.go:69.2,73.40 5 1
github.com/Ulbora/six910-mysql/zoneZip.go:81.2,81.13 1 1
github.com/Ulbora/six910-mysql/zoneZip.go:66.25,68.3 1 1
github.com/Ulbora/six910-mysql/zoneZip.go:73.40,75.28 2 1
github.com/Ulbora/six910-mysql/zoneZip.go:75.28,79.4 3 1
github.com/Ulbora/six910-mysql/zoneZip.go:85.52,86.25 1 1
github.com/Ulbora/six910-mysql/zoneZip.go:89.2,91.41 3 1
github.com/Ulbora/six910-mysql/zoneZip.go:86.25,88.3 1 1
github.com/Ulbora/six910-mysql/zoneZip.go:94.72,97.24 3 1
github.com/Ulbora/six910-mysql/zoneZip.go:115.2,115.13 1 1
github.com/Ulbora/six910-mysql/zoneZip.go:97.24,100.17 3 1
github.com/Ulbora/six910-mysql/zoneZip.go:100.17,103.19 3 1
github.com/Ulbora/six910-mysql/zoneZip.go:103.19,106.20 3 1
github.com/Ulbora/six910-mysql/zoneZip.go:106.20,111.6 4 1
github.com/Ulbora/six910-mysql/address.go:32.65,33.25 1 1
github.com/Ulbora/six910-mysql/address.go:36.2,41.16 6 1
github.com/Ulbora/six910-mysql/address.go:33.25,35.3 1 1
github.com/Ulbora/six910-mysql/address.go:45.59,46.25 1 1
github.com/Ulbora/six910-mysql/address.go:49.2,52.12 4 1
github.com/Ulbora/six910-mysql/address.go:46.25,48.3 1 1
github.com/Ulbora/six910-mysql/address.go:56.57,57.25 1 1
github.com/Ulbora/six910-mysql/address.go:60.2,64.12 5 1
github.com/Ulbora/six910-mysql/address.go:57.25,59.3 1 1
github.com/Ulbora/six910-mysql/address.go:68.64,69.25 1 1
github.com/Ulbora/six910-mysql/address.go:72.2,76.40 5 1
github.com/Ulbora/six910-mysql/address.go:84.2,84.13 1 1
github.com/Ulbora/six910-mysql/address.go:69.25,71.3 1 1
github.com/Ulbora/six910-mysql/address.go:76.40,78.28 2 1
github.com/Ulbora/six910-mysql/address.go:78.28,82.4 3 1
github.com/Ulbora/six910-mysql/address.go:88.52,89.25 1 1
github.com/Ulbora/six910-mysql/address.go:92.2,94.41 3 1
github.com/Ulbora/six910-mysql/address.go:89.25,91.3 1 1
github.com/Ulbora/six910-mysql/address.go:97.72,100.24 3 1
github.com/Ulbora/six910-mysql/address.go:119.2,119.13 1 1
github.com/Ulbora/six910-mysql/address.go:100.24,103.17 3 1
github.com/Ulbora/six910-mysql/address.go:103.17,106.19 3 1
github.com/Ulbora/six910-mysql/address.go:106.19,116.5 9 1
github.com/Ulbora/six910-mysql/region.go:32.62,33.25 1 1
github.com/Ulbora/six910-mysql/region.go:36.2,41.16 6 1
github.com/Ulbora/six910-mysql/region.go:33.25,35.3 1 1
github.com/Ulbora/six910-mysql/region.go:45.56,46.25 1 1
github.com/Ulbora/six910-mysql/region.go:49.2,52.12 4 1
github.com/Ulbora/six910-mysql/region.go:46.25,48.3 1 1
github.com/Ulbora/six910-mysql/region.go:56.55,57.25 1 1
github.com/Ulbora/six910-mysql/region.go:60.2,64.12 5 1
github.com/Ulbora/six910-mysql/region.go:57.25,59.3 1 1
github.com/Ulbora/six910-mysql/region.go:68.66,69.25 1 1
github.com/Ulbora/six910-mysql/region.go:72.2,76.40 5 1
github.com/Ulbora/six910-mysql/region.go:84.2,84.13 1 1
github.com/Ulbora/six910-mysql/region.go:69.25,71.3 1 1
github.com/Ulbora/six910-mysql/region.go:76.40,78.28 2 1
github.com/Ulbora/six910-mysql/region.go:78.28,82.4 3 1
github.com/Ulbora/six910-mysql/region.go:88.51,89.25 1 1
github.com/Ulbora/six910-mysql/region.go:92.2,94.40 3 1
github.com/Ulbora/six910-mysql/region.go:89.25,91.3 1 1
github.com/Ulbora/six910-mysql/region.go:97.70,100.24 3 1
github.com/Ulbora/six910-mysql/region.go:114.2,114.13 1 1
github.com/Ulbora/six910-mysql/region.go:100.24,103.17 3 1
github.com/Ulbora/six910-mysql/region.go:103.17,106.19 3 1
github.com/Ulbora/six910-mysql/region.go:106.19,111.5 4 1
github.com/Ulbora/six910-mysql/security.go:30.66,31.25 1 1
github.com/Ulbora/six910-mysql/security.go:34.2,39.16 6 1
github.com/Ulbora/six910-mysql/security.go:31.25,33.3 1 1
github.com/Ulbora/six910-mysql/security.go:43.60,44.25 1 1
github.com/Ulbora/six910-mysql/security.go:47.2,50.12 4 1
github.com/Ulbora/six910-mysql/security.go:44.25,46.3 1 1
github.com/Ulbora/six910-mysql/security.go:54.51,56.25 2 1
github.com/Ulbora/six910-mysql/security.go:59.2,62.40 4 1
github.com/Ulbora/six910-mysql/security.go:79.2,79.13 1 1
github.com/Ulbora/six910-mysql/security.go:56.25,58.3 1 1
github.com/Ulbora/six910-mysql/security.go:62.40,64.28 2 1
github.com/Ulbora/six910-mysql/security.go:64.28,67.25 3 1
github.com/Ulbora/six910-mysql/security.go:76.4,76.9 1 1
github.com/Ulbora/six910-mysql/security.go:67.25,69.19 2 1
github.com/Ulbora/six910-mysql/security.go:69.19,71.20 2 1
github.com/Ulbora/six910-mysql/security.go:71.20,73.7 1 1
github.com/Ulbora/six910-mysql/security.go:83.45,84.25 1 1
github.com/Ulbora/six910-mysql/security.go:87.2,89.42 2 1
github.com/Ulbora/six910-mysql/security.go:84.25,86.3 1 1
github.com/Ulbora/six910-mysql/db.go:45.46,47.2 1 1
github.com/Ulbora/six910-mysql/db.go:49.45,57.26 8 1
github.com/Ulbora/six910-mysql/db.go:69.2,69.12 1 1
github.com/Ulbora/six910-mysql/db.go:57.26,62.17 3 1
github.com/Ulbora/six910-mysql/db.go:65.3,65.20 1 1
github.com/Ulbora/six910-mysql/db.go:62.17,64.4 1 0
github.com/Ulbora/six910-mysql/db.go:65.20,67.4 1 1
github.com/Ulbora/six910-mysql/distributor.go:32.73,33.25 1 1
github.com/Ulbora/six910-mysql/distributor.go:36.2,41.16 6 1
github.com/Ulbora/six910-mysql/distributor.go:33.25,35.3 1 1
github.com/Ulbora/six910-mysql/distributor.go:45.67,46.25 1 1
github.com/Ulbora/six910-mysql/distributor.go:49.2,52.12 4 1
github.com/Ulbora/six910-mysql/distributor.go:46.25,48.3 1 1
github.com/Ulbora/six910-mysql/distributor.go:56.65,57.25 1 1
github.com/Ulbora/six910-mysql/distributor.go:60.2,64.12 5 1
github.com/Ulbora/six910-mysql/distributor.go:57.25,59.3 1 1
github.com/Ulbora/six910-mysql/distributor.go:68.74,69.25 1 1
github.com/Ulbora/six910-mysql/distributor.go:72.2,76.40 5 1
github.com/Ulbora/six910-mysql/distributor.go:84.2,84.13 1 1
github.com/Ulbora/six910-mysql/distributor.go:69.25,71.3 1 1
github.com/Ulbora/six910-mysql/distributor.go:76.40,78.28 2 1
github.com/Ulbora/six910-mysql/distributor.go:78.28,82.4 3 1
github.com/Ulbora/six910-mysql/distributor.go:88.56,89.25 1 1
github.com/Ulbora/six910-mysql/distributor.go:92.2,94.45 3 1
github.com/Ulbora/six910-mysql/distributor.go:89.25,91.3 1 1
github.com/Ulbora/six910-mysql/distributor.go:97.80,100.24 3 1
github.com/Ulbora/six910-mysql/distributor.go:115.2,115.13 1 1
github.com/Ulbora/six910-mysql/distributor.go:100.24,103.17 3 1
github.com/Ulbora/six910-mysql/distributor.go:103.17,106.19 3 1
github.com/Ulbora/six910-mysql/distributor.go:106.19,112.5 5 1
github.com/Ulbora/six910-mysql/instance.go:35.58,36.25 1 1
github.com/Ulbora/six910-mysql/instance.go:39.2,44.12 6 1
github.com/Ulbora/six910-mysql/instance.go:36.25,38.3 1 1
github.com/Ulbora/six910-mysql/instance.go:50.61,51.25 1 1
github.com/Ulbora/six910-mysql/instance.go:54.2,57.12 4 1
github.com/Ulbora/six910-mysql/instance.go:51.25,53.3 1 1
github.com/Ulbora/six910-mysql/instance.go:63.100,64.25 1 1
github.com/Ulbora/six910-mysql/instance.go:67.2,71.12 5 1
github.com/Ulbora/six910-mysql/instance.go:64.25,66.3 1 1
github.com/Ulbora/six910-mysql/instance.go:74.75,77.24 3 1
github.com/Ulbora/six910-mysql/instance.go:91.2,91.13 1 1
github.com/Ulbora/six910-mysql/instance.go:77.24,80.17 3 1
github.com/Ulbora/six910-mysql/instance.go:80.17,83.18 3 1
github.com/Ulbora/six910-mysql/instance.go:83.18,88.5 4 1
github.com/Ulbora/six910-mysql/shipment.go:33.66,34.25 1 1
github.com/Ulbora/six910-mysql/shipment.go:37.2,42.16 6 1
github.com/Ulbora/six910-mysql/shipment.go:34.25,36.3 1 1
github.com/Ulbora/six910-mysql/shipment.go:46.60,47.25 1 1
github.com/Ulbora/six910-mysql/shipment.go:50.2,53.12 4 1
github.com/Ulbora/six910-mysql/shipment.go:47.25,49.3 1 1
github.com/Ulbora/six910-mysql/shipment.go:57.59,58.25 1 1
github.com/Ulbora/six910-mysql/shipment.go:61.2,65.12 5 1
github.com/Ulbora/six910-mysql/shipment.go:58.25,60.3 1 1
github.com/Ulbora/six910-mysql/shipment.go:69.70,70.25 1 1
github.com/Ulbora/six910-mysql/shipment.go:73.2,77.40 5 1
github.com/Ulbora/six910-mysql/shipment.go:85.2,85.13 1 1
github.com/Ulbora/six910-mysql/shipment.go:70.25,72.3 1 1
github.com/Ulbora/six910-mysql/shipment.go:77.40,79.28 2 1
github.com/Ulbora/six910-mysql/shipment.go:79.28,83.4 3 1
github.com/Ulbora/six910-mysql/shipment.go:89.53,90.25 1 1
github.com/Ulbora/six910-mysql/shipment.go:93.2,95.42 3 1
github.com/Ulbora/six910-mysql/shipment.go:90.25,92.3 1 1
github.com/Ulbora/six910-mysql/shipment.go:98.74,101.24 3 1
github.com/Ulbora/six910-mysql/shipment.go:135.2,135.13 1 1
github.com/Ulbora/six910-mysql/shipment.go:101.24,104.17 3 1
github.com/Ulbora/six910-mysql/shipment.go:104.17,107.18 3 1
github.com/Ulbora/six910-mysql/shipment.go:107.18,110.19 3 1
github.com/Ulbora/six910-mysql/shipment.go:110.19,113.20 3 1
github.com/Ulbora/six910-mysql/shipment.go:113.20,115.23 2 1
github.com/Ulbora/six910-mysql/shipment.go:115.23,118.22 3 1
github.com/Ulbora/six910-mysql/shipment.go:118.22,128.9 9 1
github.com/Ulbora/six910-mysql/dataStoreWriteLock.go:35.86,36.25 1 1
github.com/Ulbora/six910-mysql/dataStoreWriteLock.go:39.2,45.16 6 1
github.com/Ulbora/six910-mysql/dataStoreWriteLock.go:36.25,38.3 1 1
github.com/Ulbora/six910-mysql/dataStoreWriteLock.go:49.80,50.25 1 1
github.com/Ulbora/six910-mysql/dataStoreWriteLock.go:53.2,57.12 4 1
github.com/Ulbora/six910-mysql/dataStoreWriteLock.go:50.25,52.3 1 1
github.com/Ulbora/six910-mysql/dataStoreWriteLock.go:63.102,64.25 1 1
github.com/Ulbora/six910-mysql/dataStoreWriteLock.go:67.2,71.12 5 1
github.com/Ulbora/six910-mysql/dataStoreWriteLock.go:64.25,66.3 1 1
github.com/Ulbora/six910-mysql/dataStoreWriteLock.go:74.94,77.24 3 1
github.com/Ulbora/six910-mysql/dataStoreWriteLock.go:101.2,101.13 1 1
github.com/Ulbora/six910-mysql/dataStoreWriteLock.go:77.24,80.17 3 1
github.com/Ulbora/six910-mysql/dataStoreWriteLock.go:80.17,83.18 3 1
github.com/Ulbora/six910-mysql/dataStoreWriteLock.go:83.18,85.19 2 1
github.com/Ulbora/six910-mysql/dataStoreWriteLock.go:85.19,88.20 3 1
github.com/Ulbora/six910-mysql/dataStoreWriteLock.go:90.6,96.39 7 1
github.com/Ulbora/six910-mysql/dataStoreWriteLock.go:88.21,89.7 0 1
github.com/Ulbora/six910-mysql/product.go:33.64,34.25 1 1
github.com/Ulbora/six910-mysql/product.go:37.2,47.16 6 1
github.com/Ulbora/six910-mysql/product.go:34.25,36.3 1 1
github.com/Ulbora/six910-mysql/product.go:51.58,52.25 1 1
github.com/Ulbora/six910-mysql/product.go:55.2,63.12 4 1
github.com/Ulbora/six910-mysql/product.go:52.25,54.3 1 1
github.com/Ulbora/six910-mysql/product.go:67.61,68.25 1 1
github.com/Ulbora/six910-mysql/product.go:71.2,75.12 5 1
github.com/Ulbora/six910-mysql/product.go:68.25,70.3 1 1
github.com/Ulbora/six910-mysql/product.go:79.108,80.25 1 1
github.com/Ulbora/six910-mysql/product.go:83.2,87.40 5 1
github.com/Ulbora/six910-mysql/product.go:95.2,95.13 1 1
github.com/Ulbora/six910-mysql/product.go:80.25,82.3 1 1
github.com/Ulbora/six910-mysql/product.go:87.40,89.28 2 1
github.com/Ulbora/six910-mysql/product.go:89.28,93.4 3 1
github.com/Ulbora/six910-mysql/product.go:99.97,100.25 1 1
github.com/Ulbora/six910-mysql/product.go:103.2,107.40 5 1
github.com/Ulbora/six910-mysql/product.go:115.2,115.13 1 1
github.com/Ulbora/six910-mysql/product.go:100.25,102.3 1 1
github.com/Ulbora/six910-mysql/product.go:107.40,109.28 2 1
github.com/Ulbora/six910-mysql/product.go:109.28,113.4 3 1
github.com/Ulbora/six910-mysql/product.go:119.92,120.25 1 1
github.com/Ulbora/six910-mysql/product.go:123.2,127.40 5 1
github.com/Ulbora/six910-mysql/product.go:135.2,135.13 1 1
github.com/Ulbora/six910-mysql/product.go:120.25,122.3 1 1
github.com/Ulbora/six910-mysql/product.go:127.40,129.28 2 1
github.com/Ulbora/six910-mysql/product.go:129.28,133.4 3 1
github.com/Ulbora/six910-mysql/product.go:139.52,140.25 1 1
github.com/Ulbora/six910-mysql/product.go:143.2,145.41 3 1
github.com/Ulbora/six910-mysql/product.go:140.25,142.3 1 1
github.com/Ulbora/six910-mysql/product.go:148.72,151.24 3 1
github.com/Ulbora/six910-mysql/product.go:288.2,288.13 1 1
github.com/Ulbora/six910-mysql/product.go:151.24,154.17 3 1
github.com/Ulbora/six910-mysql/product.go:154.17,157.19 3 1
github.com/Ulbora/six910-mysql/product.go:157.19,160.20 3 1
github.com/Ulbora/six910-mysql/product.go:160.20,163.22 3 1
github.com/Ulbora/six910-mysql/product.go:163.22,166.21 3 1
github.com/Ulbora/six910-mysql/product.go:166.21,169.22 3 1
github.com/Ulbora/six910-mysql/product.go:169.22,172.23 3 1
github.com/Ulbora/six910-mysql/product.go:172.23,175.24 3 1
github.com/Ulbora/six910-mysql/product.go:175.24,178.25 3 1
github.com/Ulbora/six910-mysql/product.go:178.25,181.26 3 1
github.com/Ulbora/six910-mysql/product.go:181.26,184.27 3 1
github.com/Ulbora/six910-mysql/product.go:184.27,187.28 3 1
github.com/Ulbora/six910-mysql/product.go:187.28,190.29 3 1
github.com/Ulbora/six910-mysql/product.go:190.29,193.30 3 1
github.com/Ulbora/six910-mysql/product.go:193.30,196.31 3 1
github.com/Ulbora/six910-mysql/product.go:196.31,199.32 3 1
github.com/Ulbora/six910-mysql/product.go:199.32,201.33 2 1
github.com/Ulbora/six910-mysql/product.go:201.33,203.34 2 1
github.com/Ulbora/six910-mysql/product.go:203.34,205.35 2 1
github.com/Ulbora/six910-mysql/product.go:205.35,207.36 2 1
github.com/Ulbora/six910-mysql/product.go:207.36,209.37 2 1
github.com/Ulbora/six910-mysql/product.go:209.37,211.38 2 1
github.com/Ulbora/six910-mysql/product.go:211.38,213.39 2 1
github.com/Ulbora/six910-mysql/product.go:213.39,216.40 3 1
github.com/Ulbora/six910-mysql/product.go:216.40,219.41 3 1
github.com/Ulbora/six910-mysql/product.go:219.41,262.28 41 1
github.com/Ulbora/six910-mysql/plugin.go:32.63,33.25 1 1
github.com/Ulbora/six910-mysql/plugin.go:36.2,42.16 6 1
github.com/Ulbora/six910-mysql/plugin.go:33.25,35.3 1 1
github.com/Ulbora/six910-mysql/plugin.go:46.57,47.25 1 1
github.com/Ulbora/six910-mysql/plugin.go:50.2,54.12 4 1
github.com/Ulbora/six910-mysql/plugin.go:47.25,49.3 1 1
github.com/Ulbora/six910-mysql/plugin.go:58.56,59.25 1 1
github.com/Ulbora/six910-mysql/plugin.go:62.2,66.12 5 1
github.com/Ulbora/six910-mysql/plugin.go:59.25,61.3 1 1
github.com/Ulbora/six910-mysql/plugin.go:70.76,71.25 1 1
github.com/Ulbora/six910-mysql/plugin.go:74.2,78.40 5 1
github.com/Ulbora/six910-mysql/plugin.go:86.2,86.13 1 1
github.com/Ulbora/six910-mysql/plugin.go:71.25,73.3 1 1
github.com/Ulbora/six910-mysql/plugin.go:78.40,80.28 2 1
github.com/Ulbora/six910-mysql/plugin.go:80.28,84.4 3 1
github.com/Ulbora/six910-mysql/plugin.go:90.51,91.25 1 1
github.com/Ulbora/six910-mysql/plugin.go:94.2,96.40 3 1
github.com/Ulbora/six910-mysql/plugin.go:91.25,93.3 1 1
github.com/Ulbora/six910-mysql/plugin.go:99.71,102.24 3 1
github.com/Ulbora/six910-mysql/plugin.go:131.2,131.13 1 1
github.com/Ulbora/six910-mysql/plugin.go:102.24,105.17 3 1
github.com/Ulbora/six910-mysql/plugin.go:105.17,108.18 3 1
github.com/Ulbora/six910-mysql/plugin.go:108.18,111.19 3 1
github.com/Ulbora/six910-mysql/plugin.go:111.19,114.20 3 1
github.com/Ulbora/six910-mysql/plugin.go:114.20,126.7 11 1
github.com/Ulbora/six910-mysql/localAccount.go:33.65,34.25 1 1
github.com/Ulbora/six910-mysql/localAccount.go:37.2,42.12 5 1
github.com/Ulbora/six910-mysql/localAccount.go:34.25,36.3 1 1
github.com/Ulbora/six910-mysql/localAccount.go:46.68,47.25 1 1
github.com/Ulbora/six910-mysql/localAccount.go:50.2,53.12 4 1
github.com/Ulbora/six910-mysql/localAccount.go:47.25,49.3 1 1
github.com/Ulbora/six910-mysql/localAccount.go:57.89,58.25 1 1
github.com/Ulbora/six910-mysql/localAccount.go:61.2,65.12 5 1
github.com/Ulbora/six910-mysql/localAccount.go:58.25,60.3 1 1
github.com/Ulbora/six910-mysql/localAccount.go:69.76,70.25 1 1
github.com/Ulbora/six910-mysql/localAccount.go:73.2,77.40 5 1
github.com/Ulbora/six910-mysql/localAccount.go:85.2,85.13 1 1
github.com/Ulbora/six910-mysql/localAccount.go:70.25,72.3 1 1
github.com/Ulbora/six910-mysql/localAccount.go:77.40,79.28 2 1
github.com/Ulbora/six910-mysql/localAccount.go:79.28,83.4 3 1
github.com/Ulbora/six910-mysql/localAccount.go:89.79,90.25 1 1
github.com/Ulbora/six910-mysql/localAccount.go:93.2,95.46 3 1
github.com/Ulbora/six910-mysql/localAccount.go:90.25,92.3 1 1
github.com/Ulbora/six910-mysql/localAccount.go:98.82,101.24 3 1
github.com/Ulbora/six910-mysql/localAccount.go:127.2,127.13 1 1
github.com/Ulbora/six910-mysql/localAccount.go:101.24,104.17 3 1
github.com/Ulbora/six910-mysql/localAccount.go:104.17,107.19 3 1
github.com/Ulbora/six910-mysql/localAccount.go:107.19,110.20 3 1
github.com/Ulbora/six910-mysql/localAccount.go:110.20,113.22 3 1
github.com/Ulbora/six910-mysql/localAccount.go:113.22,122.7 8 1
github.com/Ulbora/six910-mysql/orderComment.go:32.75,33.25 1 1
github.com/Ulbora/six910-mysql/orderComment.go:36.2,41.16 6 1
github.com/Ulbora/six910-mysql/orderComment.go:33.25,35.3 1 1
github.com/Ulbora/six910-mysql/orderComment.go:45.78,46.25 1 1
github.com/Ulbora/six910-mysql/orderComment.go:49.2,53.40 5 1
github.com/Ulbora/six910-mysql/orderComment.go:61.2,61.13 1 1
github.com/Ulbora/six910-mysql/orderComment.go:46.25,48.3 1 1
github.com/Ulbora/six910-mysql/orderComment.go:53.40,55.28 2 1
github.com/Ulbora/six910-mysql/orderComment.go:55.28,59.4 3 1
github.com/Ulbora/six910-mysql/orderComment.go:64.82,67.24 3 1
github.com/Ulbora/six910-mysql/orderComment.go:81.2,81.13 1 1
github.com/Ulbora/six910-mysql/orderComment.go:67.24,70.17 3 1
github.com/Ulbora/six910-mysql/orderComment.go:70.17,73.18 3 1
github.com/Ulbora/six910-mysql/orderComment.go:73.18,78.5 4 1
github.com/Ulbora/six910-mysql/shipmentItem.go:33.75,34.25 1 1
github.com/Ulbora/six910-mysql/shipmentItem.go:37.2,42.16 6 1
github.com/Ulbora/six910-mysql/shipmentItem.go:34.25,36.3 1 1
github.com/Ulbora/six910-mysql/shipmentItem.go:46.69,47.25 1 1
github.com/Ulbora/six910-mysql/shipmentItem.go:50.2,53.12 4 1
github.com/Ulbora/six910-mysql/shipmentItem.go:47.25,49.3 1 1
github.com/Ulbora/six910-mysql/shipmentItem.go:57.67,58.25 1 1
github.com/Ulbora/six910-mysql/shipmentItem.go:61.2,65.12 5 1
github.com/Ulbora/six910-mysql/shipmentItem.go:58.25,60.3 1 1
github.com/Ulbora/six910-mysql/shipmentItem.go:69.81,70.25 1 1
github.com/Ulbora/six910-mysql/shipmentItem.go:73.2,77.40 5 1
github.com/Ulbora/six910-mysql/shipmentItem.go:85.2,85.13 1 1
github.com/Ulbora/six910-mysql/shipmentItem.go:70.25,72.3 1 1
github.com/Ulbora/six910-mysql/shipmentItem.go:77.40,79.28 2 1
github.com/Ulbora/six910-mysql/shipmentItem.go:79.28,83.4 3 1
github.com/Ulbora/six910-mysql/shipmentItem.go:89.85,90.25 1 1
github.com/Ulbora/six910-mysql/shipmentItem.go:93.2,97.40 5 1
github.com/Ulbora/six910-mysql/shipmentItem.go:105.2,105.13 1 1
github.com/Ulbora/six910-mysql/shipmentItem.go:90.25,92.3 1 1
github.com/Ulbora/six910-mysql/shipmentItem.go:97.40,99.28 2 1
github.com/Ulbora/six910-mysql/shipmentItem.go:99.28,103.4 3 1
github.com/Ulbora/six910-mysql/shipmentItem.go:109.57,110.25 1 1
github.com/Ulbora/six910-mysql/shipmentItem.go:113.2,115.46 3 1
github.com/Ulbora/six910-mysql/shipmentItem.go:110.25,112.3 1 1
github.com/Ulbora/six910-mysql/shipmentItem.go:118.82,121.24 3 1
github.com/Ulbora/six910-mysql/shipmentItem.go:152.2,152.13 1 1
github.com/Ulbora/six910-mysql/shipmentItem.go:121.24,124.17 3 1
github.com/Ulbora/six910-mysql/shipmentItem.go:124.17,127.18 3 1
github.com/Ulbora/six910-mysql/shipmentItem.go:127.18,130.19 3 1
github.com/Ulbora/six910-mysql/shipmentItem.go:130.19,133.20 3 1
github.com/Ulbora/six910-mysql/shipmentItem.go:133.20,135.23 2 1
github.com/Ulbora/six910-mysql/shipmentItem.go:135.23,138.22 3 1
github.com/Ulbora/six910-mysql/shipmentItem.go:138.22,145.9 6 1
github.com/Ulbora/six910-mysql/cartItem.go:32.67,33.25 1 1
github.com/Ulbora/six910-mysql/cartItem.go:36.2,41.16 6 1
github.com/Ulbora/six910-mysql/cartItem.go:33.25,35.3 1 1
github.com/Ulbora/six910-mysql/cartItem.go:45.61,46.25 1 1
github.com/Ulbora/six910-mysql/cartItem.go:49.2,52.12 4 1
github.com/Ulbora/six910-mysql/cartItem.go:46.25,48.3 1 1
github.com/Ulbora/six910-mysql/cartItem.go:56.76,57.25 1 1
github.com/Ulbora/six910-mysql/cartItem.go:60.2,64.12 5 1
github.com/Ulbora/six910-mysql/cartItem.go:57.25,59.3 1 1
github.com/Ulbora/six910-mysql/cartItem.go:68.69,69.25 1 1
github.com/Ulbora/six910-mysql/cartItem.go:72.2,76.40 5 1
github.com/Ulbora/six910-mysql/cartItem.go:84.2,84.13 1 1
github.com/Ulbora/six910-mysql/cartItem.go:69.25,71.3 1 1
github.com/Ulbora/six910-mysql/cartItem.go:76.40,78.28 2 1
github.com/Ulbora/six910-mysql/cartItem.go:78.28,82.4 3 1
github.com/Ulbora/six910-mysql/cartItem.go:88.53,89.25 1 1
github.com/Ulbora/six910-mysql/cartItem.go:92.2,94.42 3 1
github.com/Ulbora/six910-mysql/cartItem.go:89.25,91.3 1 1
github.com/Ulbora/six910-mysql/cartItem.go:97.74,100.24 3 1
github.com/Ulbora/six910-mysql/cartItem.go:122.2,122.13 1 1
github.com/Ulbora/six910-mysql/cartItem.go:100.24,103.17 3 1
github.com/Ulbora/six910-mysql/cartItem.go:103.17,106.19 3 1
github.com/Ulbora/six910-mysql/cartItem.go:106.19,109.20 3 1
github.com/Ulbora/six910-mysql/cartItem.go:109.20,112.21 3 1
github.com/Ulbora/six910-mysql/cartItem.go:112.21,117.7 4 1
github.com/Ulbora/six910-mysql/customer.go:33.66,34.25 1 1
github.com/Ulbora/six910-mysql/customer.go:37.2,43.16 6 1
github.com/Ulbora/six910-mysql/customer.go:34.25,36.3 1 1
github.com/Ulbora/six910-mysql/customer.go:47.60,48.25 1 1
github.com/Ulbora/six910-mysql/customer.go:51.2,55.12 4 1
github.com/Ulbora/six910-mysql/customer.go:48.25,50.3 1 1
github.com/Ulbora/six910-mysql/customer.go:59.78,60.25 1 1
github.com/Ulbora/six910-mysql/customer.go:63.2,67.12 5 1
github.com/Ulbora/six910-mysql/customer.go:60.25,62.3 1 1
github.com/Ulbora/six910-mysql/customer.go:71.70,72.25 1 1
github.com/Ulbora/six910-mysql/customer.go:75.2,79.40 5 1
github.com/Ulbora/six910-mysql/customer.go:87.2,87.13 1 1
github.com/Ulbora/six910-mysql/customer.go:72.25,74.3 1 1
github.com/Ulbora/six910-mysql/customer.go:79.40,81.28 2 1
github.com/Ulbora/six910-mysql/customer.go:81.28,85.4 3 1
github.com/Ulbora/six910-mysql/customer.go:91.61,92.25 1 1
github.com/Ulbora/six910-mysql/customer.go:95.2,99.12 5 1
github.com/Ulbora/six910-mysql/customer.go:92.25,94.3 1 1
github.com/Ulbora/six910-mysql/customer.go:103.53,104.25 1 1
github.com/Ulbora/six910-mysql/customer.go:107.2,109.42 3 1
github.com/Ulbora/six910-mysql/customer.go:104.25,106.3 1 1
github.com/Ulbora/six910-mysql/customer.go:112.74,115.24 3 1
github.com/Ulbora/six910-mysql/customer.go:146.2,146.13 1 1
github.com/Ulbora/six910-mysql/customer.go:115.24,118.17 3 1
github.com/Ulbora/six910-mysql/customer.go:118.17,121.19 3 1
github.com/Ulbora/six910-mysql/customer.go:121.19,124.20 3 1
github.com/Ulbora/six910-mysql/customer.go:124.20,127.22 3 1
github.com/Ulbora/six910-mysql/customer.go:127.22,141.7 13 1
github.com/Ulbora/six910-mysql/insurance.go:32.68,33.25 1 1
github.com/Ulbora/six910-mysql/insurance.go:36.2,41.16 6 1
github.com/Ulbora/six910-mysql/insurance.go:33.25,35.3 1 1
github.com/Ulbora/six910-mysql/insurance.go:45.62,46.25 1 1
github.com/Ulbora/six910-mysql/insurance.go:49.2,52.12 4 1
github.com/Ulbora/six910-mysql/insurance.go:46.25,48.3 1 1
github.com/Ulbora/six910-mysql/insurance.go:56.61,57.25 1 1
github.com/Ulbora/six910-mysql/insurance.go:60.2,64.12 5 1
github.com/Ulbora/six910-mysql/insurance.go:57.25,59.3 1 1
github.com/Ulbora/six910-mysql/insurance.go:68.72,69.25 1 1
github.com/Ulbora/six910-mysql/insurance.go:72.2,76.40 5 1
github.com/Ulbora/six910-mysql/insurance.go:84.2,84.13 1 1
github.com/Ulbora/six910-mysql/insurance.go:69.25,71.3 1 1
github.com/Ulbora/six910-mysql/insurance.go:76.40,78.28 2 1
github.com/Ulbora/six910-mysql/insurance.go:78.28,82.4 3 1
github.com/Ulbora/six910-mysql/insurance.go:88.54,89.25 1 1
github.com/Ulbora/six910-mysql/insurance.go:92.2,94.43 3 1
github.com/Ulbora/six910-mysql/insurance.go:89.25,91.3 1 1
github.com/Ulbora/six910-mysql/insurance.go:97.76,100.24 3 1
github.com/Ulbora/six910-mysql/insurance.go:127.2,127.13 1 1
github.com/Ulbora/six910-mysql/insurance.go:100.24,103.17 3 1
github.com/Ulbora/six910-mysql/insurance.go:103.17,106.19 3 1
github.com/Ulbora/six910-mysql/insurance.go:106.19,109.19 3 1
github.com/Ulbora/six910-mysql/insurance.go:109.19,112.20 3 1
github.com/Ulbora/six910-mysql/insurance.go:112.20,115.21 3 1
github.com/Ulbora/six910-mysql/insurance.go:115.21,121.8 5 1
github.com/Ulbora/six910-mysql/localDatastore.go:38.70,39.25 1 1
github.com/Ulbora/six910-mysql/localDatastore.go:42.2,47.12 6 1
github.com/Ulbora/six910-mysql/localDatastore.go:39.25,41.3 1 1
github.com/Ulbora/six910-mysql/localDatastore.go:54.73,55.25 1 1
github.com/Ulbora/six910-mysql/localDatastore.go:58.2,61.12 4 1
github.com/Ulbora/six910-mysql/localDatastore.go:55.25,57.3 1 1
github.com/Ulbora/six910-mysql/localDatastore.go:67.98,68.25 1 1
github.com/Ulbora/six910-mysql/localDatastore.go:71.2,75.12 5 1
github.com/Ulbora/six910-mysql/localDatastore.go:68.25,70.3 1 1
github.com/Ulbora/six910-mysql/localDatastore.go:78.86,81.24 3 1
github.com/Ulbora/six910-mysql/localDatastore.go:98.2,98.13 1 1
github.com/Ulbora/six910-mysql/localDatastore.go:81.24,84.17 3 1
github.com/Ulbora/six910-mysql/localDatastore.go:84.17,87.18 3 1
github.com/Ulbora/six910-mysql/localDatastore.go:87.18,89.19 2 1
github.com/Ulbora/six910-mysql/localDatastore.go:89.19,94.6 4 1
github.com/Ulbora/six910-mysql/orderItem.go:32.68,33.25 1 1
github.com/Ulbora/six910-mysql/orderItem.go:36.2,42.16 6 1
github.com/Ulbora/six910-mysql/orderItem.go:33.25,35.3 1 1
github.com/Ulbora/six910-mysql/orderItem.go:46.62,47.25 1 1
github.com/Ulbora/six910-mysql/orderItem.go:50.2,53.12 4 1
github.com/Ulbora/six910-mysql/orderItem.go:47.25,49.3 1 1
github.com/Ulbora/six910-mysql/orderItem.go:57.61,58.25 1 1
github.com/Ulbora/six910-mysql/orderItem.go:61.2,65.12 5 1
github.com/Ulbora/six910-mysql/orderItem.go:58.25,60.3 1 1
github.com/Ulbora/six910-mysql/orderItem.go:69.72,70.25 1 1
github.com/Ulbora/six910-mysql/orderItem.go:73.2,77.40 5 1
github.com/Ulbora/six910-mysql/orderItem.go:85.2,85.13 1 1
github.com/Ulbora/six910-mysql/orderItem.go:70.25,72.3 1 1
github.com/Ulbora/six910-mysql/orderItem.go:77.40,79.28 2 1
github.com/Ulbora/six910-mysql/orderItem.go:79.28,83.4 3 1
github.com/Ulbora/six910-mysql/orderItem.go:89.54,90.25 1 1
github.com/Ulbora/six910-mysql/orderItem.go:93.2,95.43 3 1
github.com/Ulbora/six910-mysql/orderItem.go:90.25,92.3 1 1
github.com/Ulbora/six910-mysql/orderItem.go:98.76,101.24 3 1
github.com/Ulbora/six910-mysql/orderItem.go:133.2,133.13 1 1
github.com/Ulbora/six910-mysql/orderItem.go:101.24,104.17 3 1
github.com/Ulbora/six910-mysql/orderItem.go:104.17,107.18 3 1
github.com/Ulbora/six910-mysql/orderItem.go:107.18,110.19 3 1
github.com/Ulbora/six910-mysql/orderItem.go:110.19,113.20 3 1
github.com/Ulbora/six910-mysql/orderItem.go:113.20,115.23 2 1
github.com/Ulbora/six910-mysql/orderItem.go:115.23,117.24 2 1
github.com/Ulbora/six910-mysql/orderItem.go:117.24,126.9 8 1
github.com/Ulbora/six910-mysql/orderTransaction.go:33.82,34.25 1 1
github.com/Ulbora/six910-mysql/orderTransaction.go:37.2,43.16 6 1
github.com/Ulbora/six910-mysql/orderTransaction.go:34.25,36.3 1 1
github.com/Ulbora/six910-mysql/orderTransaction.go:47.86,48.25 1 1
github.com/Ulbora/six910-mysql/orderTransaction.go:51.2,55.40 5 1
github.com/Ulbora/six910-mysql/orderTransaction.go:63.2,63.13 1 1
github.com/Ulbora/six910-mysql/orderTransaction.go:48.25,50.3 1 1
github.com/Ulbora/six910-mysql/orderTransaction.go:55.40,57.28 2 1
github.com/Ulbora/six910-mysql/orderTransaction.go:57.28,61.4 3 1
github.com/Ulbora/six910-mysql/orderTransaction.go:66.90,69.24 3 1
github.com/Ulbora/six910-mysql/orderTransaction.go:108.2,108.13 1 1
github.com/Ulbora/six910-mysql/orderTransaction.go:69.24,72.17 3 1
github.com/Ulbora/six910-mysql/orderTransaction.go:72.17,75.18 3 1
github.com/Ulbora/six910-mysql/orderTransaction.go:75.18,78.19 3 1
github.com/Ulbora/six910-mysql/orderTransaction.go:78.19,81.20 3 1
github.com/Ulbora/six910-mysql/orderTransaction.go:81.20,83.23 2 1
github.com/Ulbora/six910-mysql/orderTransaction.go:83.23,86.22 3 1
github.com/Ulbora/six910-mysql/orderTransaction.go:86.22,101.9 14 1
github.com/Ulbora/six910-mysql/category.go:32.66,33.25 1 1
github.com/Ulbora/six910-mysql/category.go:36.2,41.16 6 1
github.com/Ulbora/six910-mysql/category.go:33.25,35.3 1 1
github.com/Ulbora/six910-mysql/category.go:45.60,46.25 1 1
github.com/Ulbora/six910-mysql/category.go:49.2,52.12 4 1
github.com/Ulbora/six910-mysql/category.go:46.25,48.3 1 1
github.com/Ulbora/six910-mysql/category.go:56.59,57.25 1 1
github.com/Ulbora/six910-mysql/category.go:60.2,64.12 5 1
github.com/Ulbora/six910-mysql/category.go:57.25,59.3 1 1
github.com/Ulbora/six910-mysql/category.go:68.70,69.25 1 1
github.com/Ulbora/six910-mysql/category.go:72.2,76.40 5 1
github.com/Ulbora/six910-mysql/category.go:84.2,84.13 1 1
github.com/Ulbora/six910-mysql/category.go:69.25,71.3 1 1
github.com/Ulbora/six910-mysql/category.go:76.40,78.28 2 1
github.com/Ulbora/six910-mysql/category.go:78.28,82.4 3 1
github.com/Ulbora/six910-mysql/category.go:88.71,89.25 1 1
github.com/Ulbora/six910-mysql/category.go:92.2,96.40 5 1
github.com/Ulbora/six910-mysql/category.go:104.2,104.13 1 1
github.com/Ulbora/six910-mysql/category.go:89.25,91.3 1 1
github.com/Ulbora/six910-mysql/category.go:96.40,98.28 2 1
github.com/Ulbora/six910-mysql/category.go:98.28,102.4 3 1
github.com/Ulbora/six910-mysql/category.go:108.53,109.25 1 1
github.com/Ulbora/six910-mysql/category.go:112.2,114.42 3 1
github.com/Ulbora/six910-mysql/category.go:109.25,111.3 1 1
github.com/Ulbora/six910-mysql/category.go:117.74,120.24 3 1
github.com/Ulbora/six910-mysql/category.go:141.2,141.13 1 1
github.com/Ulbora/six910-mysql/category.go:120.24,123.17 3 1
github.com/Ulbora/six910-mysql/category.go:123.17,126.19 3 1
github.com/Ulbora/six910-mysql/category.go:126.19,129.20 3 1
github.com/Ulbora/six910-mysql/category.go:129.20,137.6 7 1
github.com/Ulbora/six910-mysql/shippingCarrier.go:32.80,33.25 1 1
github.com/Ulbora/six910-mysql/shippingCarrier.go:36.2,41.16 6 1
github.com/Ulbora/six910-mysql/shippingCarrier.go:33.25,35.3 1 1
github.com/Ulbora/six910-mysql/shippingCarrier.go:45.74,46.25 1 1
github.com/Ulbora/six910-mysql/shippingCarrier.go:49.2,52.12 4 1
github.com/Ulbora/six910-mysql/shippingCarrier.go:46.25,48.3 1 1
github.com/Ulbora/six910-mysql/shippingCarrier.go:56.73,57.25 1 1
github.com/Ulbora/six910-mysql/shippingCarrier.go:60.2,64.12 5 1
github.com/Ulbora/six910-mysql/shippingCarrier.go:57.25,59.3 1 1
github.com/Ulbora/six910-mysql/shippingCarrier.go:68.84,69.25 1 1
github.com/Ulbora/six910-mysql/shippingCarrier.go:72.2,76.40 5 1
github.com/Ulbora/six910-mysql/shippingCarrier.go:84.2,84.13 1 1
github.com/Ulbora/six910-mysql/shippingCarrier.go:69.25,71.3 1 1
github.com/Ulbora/six910-mysql/shippingCarrier.go:76.40,78.28 2 1
github.com/Ulbora/six910-mysql/shippingCarrier.go:78.28,82.4 3 1
github.com/Ulbora/six910-mysql/shippingCarrier.go:88.60,89.25 1 1
github.com/Ulbora/six910-mysql/shippingCarrier.go:92.2,94.49 3 1
github.com/Ulbora/six910-mysql/shippingCarrier.go:89.25,91.3 1 1
github.com/Ulbora/six910-mysql/shippingCarrier.go:97.88,100.24 3 1
github.com/Ulbora/six910-mysql/shippingCarrier.go:114.2,114.13 1 1
github.com/Ulbora/six910-mysql/shippingCarrier.go:100.24,103.17 3 1
github.com/Ulbora/six910-mysql/shippingCarrier.go:103.17,106.19 3 1
github.com/Ulbora/six910-mysql/shippingCarrier.go:106.19,111.5 4 1
github.com/Ulbora/six910-mysql/excludedSubRegion.go:32.84,33.25 1 1
github.com/Ulbora/six910-mysql/excludedSubRegion.go:36.2,41.16 6 1
github.com/Ulbora/six910-mysql/excludedSubRegion.go:33.25,35.3 1 1
github.com/Ulbora/six910-mysql/excludedSubRegion.go:45.78,48.2 1 1
github.com/Ulbora/six910-mysql/excludedSubRegion.go:51.77,54.2 1 1
github.com/Ulbora/six910-mysql/excludedSubRegion.go:57.89,58.25 1 1
github.com/Ulbora/six910-mysql/excludedSubRegion.go:61.2,65.40 5 1
github.com/Ulbora/six910-mysql/excludedSubRegion.go:73.2,73.13 1 1
github.com/Ulbora/six910-mysql/excludedSubRegion.go:58.25,60.3 1 1
github.com/Ulbora/six910-mysql/excludedSubRegion.go:65.40,67.28 2 1
github.com/Ulbora/six910-mysql/excludedSubRegion.go:67.28,71.4 3 1
github.com/Ulbora/six910-mysql/excludedSubRegion.go:77.62,78.25 1 1
github.com/Ulbora/six910-mysql/excludedSubRegion.go:81.2,83.51 3 1
github.com/Ulbora/six910-mysql/excludedSubRegion.go:78.25,80.3 1 1
github.com/Ulbora/six910-mysql/excludedSubRegion.go:86.92,89.24 3 1
github.com/Ulbora/six910-mysql/excludedSubRegion.go:111.2,111.13 1 1
github.com/Ulbora/six910-mysql/excludedSubRegion.go:89.24,92.17 3 1
github.com/Ulbora/six910-mysql/excludedSubRegion.go:92.17,95.19 3 1
github.com/Ulbora/six910-mysql/excludedSubRegion.go:95.19,98.20 3 1
github.com/Ulbora/six910-mysql/excludedSubRegion.go:98.20,101.21 3 1
github.com/Ulbora/six910-mysql/excludedSubRegion.go:101.21,106.7 4 1
github.com/Ulbora/six910-mysql/includedSubRegion.go:32.84,33.25 1 1
github.com/Ulbora/six910-mysql/includedSubRegion.go:36.2,41.16 6 1
github.com/Ulbora/six910-mysql/includedSubRegion.go:33.25,35.3 1 1
github.com/Ulbora/six910-mysql/includedSubRegion.go:45.78,48.2 1 1
github.com/Ulbora/six910-mysql/includedSubRegion.go:51.77,54.2 1 1
github.com/Ulbora/six910-mysql/includedSubRegion.go:57.89,58.25 1 1
github.com/Ulbora/six910-mysql/includedSubRegion.go:61.2,65.40 5 1
github.com/Ulbora/six910-mysql/includedSubRegion.go:73.2,73.13 1 1
github.com/Ulbora/six910-mysql/includedSubRegion.go:58.25,60.3 1 1
github.com/Ulbora/six910-mysql/includedSubRegion.go:65.40,67.28 2 1
github.com/Ulbora/six910-mysql/includedSubRegion.go:67.28,71.4 3 1
github.com/Ulbora/six910-mysql/includedSubRegion.go:77.62,78.25 1 1
github.com/Ulbora/six910-mysql/includedSubRegion.go:81.2,83.51 3 1
github.com/Ulbora/six910-mysql/includedSubRegion.go:78.25,80.3 1 1
github.com/Ulbora/six910-mysql/includedSubRegion.go:86.92,89.24 3 1
github.com/Ulbora/six910-mysql/includedSubRegion.go:111.2,111.13 1 1
github.com/Ulbora/six910-mysql/includedSubRegion.go:89.24,92.17 3 1
github.com/Ulbora/six910-mysql/includedSubRegion.go:92.17,95.19 3 1
github.com/Ulbora/six910-mysql/includedSubRegion.go:95.19,98.20 3 1
github.com/Ulbora/six910-mysql/includedSubRegion.go:98.20,101.21 3 1
github.com/Ulbora/six910-mysql/includedSubRegion.go:101.21,106.7 4 1
github.com/Ulbora/six910-mysql/mockDbMeths.go:26.70,28.2 1 1
github.com/Ulbora/six910-mysql/mockDbMeths.go:31.64,33.2 1 1
github.com/Ulbora/six910-mysql/mockDbMeths.go:36.55,38.2 1 1
github.com/Ulbora/six910-mysql/mockDbMeths.go:41.49,43.2 1 1
github.com/Ulbora/six910-mysql/mockDbMeths.go:48.64,50.2 1 1
github.com/Ulbora/six910-mysql/mockDbMeths.go:53.58,55.2 1 1
github.com/Ulbora/six910-mysql/mockDbMeths.go:58.61,60.2 1 1
github.com/Ulbora/six910-mysql/mockDbMeths.go:63.59,65.2 1 1
github.com/Ulbora/six910-mysql/mockDbMeths.go:68.74,70.2 1 1
github.com/Ulbora/six910-mysql/mockDbMeths.go:73.49,75.2 1 1
github.com/Ulbora/six910-mysql/mockDbMeths.go:78.54,80.2 1 1
github.com/Ulbora/six910-mysql/mockDbMeths.go:85.70,87.2 1 1
github.com/Ulbora/six910-mysql/mockDbMeths.go:90.64,92.2 1 1
github.com/Ulbora/six910-mysql/mockDbMeths.go:95.82,97.2 1 1
github.com/Ulbora/six910-mysql/mockDbMeths.go:100.74,102.2 1 1
github.com/Ulbora/six910-mysql/mockDbMeths.go:105.65,107.2 1 1
github.com/Ulbora/six910-mysql/mockDbMeths.go:110.57,112.2 1 1
github.com/Ulbora/six910-mysql/mockDbMeths.go:117.69,119.2 1 1
github.com/Ulbora/six910-mysql/mockDbMeths.go:122.72,124.2 1 1
github.com/Ulbora/six910-mysql/mockDbMeths.go:127.93,129.2 1 1
github.com/Ulbora/six910-mysql/mockDbMeths.go:132.80,134.2 1 1
github.com/Ulbora/six910-mysql/mockDbMeths.go:137.83,139.2 1 1
github.com/Ulbora/six910-mysql/mockDbMeths.go:144.77,146.2 1 1
github.com/Ulbora/six910-mysql/mockDbMeths.go:149.71,151.2 1 1
github.com/Ulbora/six910-mysql/mockDbMeths.go:154.69,156.2 1 1
github.com/Ulbora/six910-mysql/mockDbMeths.go:159.78,161.2 1 1
github.com/Ulbora/six910-mysql/mockDbMeths.go:164.60,166.2 1 1
github.com/Ulbora/six910-mysql/mockDbMeths.go:171.62,173.2 1 1
github.com/Ulbora/six910-mysql/mockDbMeths.go:176.56,178.2 1 1
github.com/Ulbora/six910-mysql/mockDbMeths.go:181.56,183.2 1 1
github.com/Ulbora/six910-mysql/mockDbMeths.go:186.53,188.2 1 1
github.com/Ulbora/six910-mysql/mockDbMeths.go:193.71,195.2 1 1
github.com/Ulbora/six910-mysql/mockDbMeths.go:198.65,200.2 1 1
github.com/Ulbora/six910-mysql/mockDbMeths.go:203.80,205.2 1 1
github.com/Ulbora/six910-mysql/mockDbMeths.go:208.73,210.2 1 1
github.com/Ulbora/six910-mysql/mockDbMeths.go:213.57,215.2 1 1
github.com/Ulbora/six910-mysql/mockDbMeths.go:220.68,222.2 1 1
github.com/Ulbora/six910-mysql/mockDbMeths.go:225.62,227.2 1 1
github.com/Ulbora/six910-mysql/mockDbMeths.go:230.61,232.2 1 1
github.com/Ulbora/six910-mysql/mockDbMeths.go:235.68,237.2 1 1
github.com/Ulbora/six910-mysql/mockDbMeths.go:240.56,242.2 1 1
github.com/Ulbora/six910-mysql/mockDbMeths.go:247.70,249.2 1 1
github.com/Ulbora/six910-mysql/mockDbMeths.go:252.64,254.2 1 1
github.com/Ulbora/six910-mysql/mockDbMeths.go:257.63,259.2 1 1
github.com/Ulbora/six910-mysql/mockDbMeths.go:262.74,264.2 1 1
github.com/Ulbora/six910-mysql/mockDbMeths.go:267.75,269.2 1 1
github.com/Ulbora/six910-mysql/mockDbMeths.go:272.57,274.2 1 1
github.com/Ulbora/six910-mysql/mockDbMeths.go:279.82,281.2 1 1
github.com/Ulbora/six910-mysql/mockDbMeths.go:284.76,286.2 1 1
github.com/Ulbora/six910-mysql/mockDbMeths.go:289.75,291.2 1 1
github.com/Ulbora/six910-mysql/mockDbMeths.go:294.86,296.2 1 1
github.com/Ulbora/six910-mysql/mockDbMeths.go:299.63,301.2 1 1
github.com/Ulbora/six910-mysql/mockDbMeths.go:306.72,308.2 1 1
github.com/Ulbora/six910-mysql/mockDbMeths.go:311.66,313.2 1 1
github.com/Ulbora/six910-mysql/mockDbMeths.go:316.65,318.2 1 1
github.com/Ulbora/six910-mysql/mockDbMeths.go:321.76,323.2 1 1
github.com/Ulbora/six910-mysql/mockDbMeths.go:326.58,328.2 1 1
github.com/Ulbora/six910-mysql/mockDbMeths.go:333.68,335.2 1 1
github.com/Ulbora/six910-mysql/mockDbMeths.go:338.62,340.2 1 1
github.com/Ulbora/six910-mysql/mockDbMeths.go:343.65,345.2 1 1
github.com/Ulbora/six910-mysql/mockDbMeths.go:348.112,350.2 1 1
github.com/Ulbora/six910-mysql/mockDbMeths.go:353.101,355.2 1 1
github.com/Ulbora/six910-mysql/mockDbMeths.go:358.96,360.2 1 1
github.com/Ulbora/six910-mysql/mockDbMeths.go:363.56,365.2 1 1
github.com/Ulbora/six910-mysql/mockDbMeths.go:370.66,372.2 1 1
github.com/Ulbora/six910-mysql/mockDbMeths.go:375.60,377.2 1 1
github.com/Ulbora/six910-mysql/mockDbMeths.go:380.59,382.2 1 1
github.com/Ulbora/six910-mysql/mockDbMeths.go:385.70,387.2 1 1
github.com/Ulbora/six910-mysql/mockDbMeths.go:390.55,392.2 1 1
github.com/Ulbora/six910-mysql/mockDbMeths.go:397.72,399.2 1 1
github.com/Ulbora/six910-mysql/mockDbMeths.go:402.66,404.2 1 1
github.com/Ulbora/six910-mysql/mockDbMeths.go:407.65,409.2 1 1
github.com/Ulbora/six910-mysql/mockDbMeths.go:412.77,414.2 1 1
github.com/Ulbora/six910-mysql/mockDbMeths.go:417.58,419.2 1 1
github.com/Ulbora/six910-mysql/mockDbMeths.go:424.88,426.2 1 1
github.com/Ulbora/six910-mysql/mockDbMeths.go:429.82,431.2 1 1
github.com/Ulbora/six910-mysql/mockDbMeths.go:434.81,436.2 1 1
github.com/Ulbora/six910-mysql/mockDbMeths.go:439.93,441.2 1 1
github.com/Ulbora/six910-mysql/mockDbMeths.go:444.66,446.2 1 1
github.com/Ulbora/six910-mysql/mockDbMeths.go:451.88,453.2 1 1
github.com/Ulbora/six910-mysql/mockDbMeths.go:456.82,458.2 1 1
github.com/Ulbora/six910-mysql/mockDbMeths.go:461.81,463.2 1 1
github.com/Ulbora/six910-mysql/mockDbMeths.go:466.93,468.2 1 1
github.com/Ulbora/six910-mysql/mockDbMeths.go:471.66,473.2 1 1
github.com/Ulbora/six910-mysql/mockDbMeths.go:478.68,480.2 1 1
github.com/Ulbora/six910-mysql/mockDbMeths.go:483.80,485.2 1 1
github.com/Ulbora/six910-mysql/mockDbMeths.go:488.81,490.2 1 1
github.com/Ulbora/six910-mysql/mockDbMeths.go:493.56,495.2 1 1
github.com/Ulbora/six910-mysql/mockDbMeths.go:500.76,502.2 1 1
github.com/Ulbora/six910-mysql/mockDbMeths.go:505.79,507.2 1 1
github.com/Ulbora/six910-mysql/mockDbMeths.go:512.64,514.2 1 1
github.com/Ulbora/six910-mysql/mockDbMeths.go:517.58,519.2 1 1
github.com/Ulbora/six910-mysql/mockDbMeths.go:522.57,524.2 1 1
github.com/Ulbora/six910-mysql/mockDbMeths.go:527.79,529.2 1 1
github.com/Ulbora/six910-mysql/mockDbMeths.go:532.54,534.2 1 1
github.com/Ulbora/six910-mysql/mockDbMeths.go:539.72,541.2 1 1
github.com/Ulbora/six910-mysql/mockDbMeths.go:544.66,546.2 1 1
github.com/Ulbora/six910-mysql/mockDbMeths.go:549.65,551.2 1 1
github.com/Ulbora/six910-mysql/mockDbMeths.go:554.76,556.2 1 1
github.com/Ulbora/six910-mysql/mockDbMeths.go:559.58,561.2 1 1
github.com/Ulbora/six910-mysql/mockDbMeths.go:566.79,568.2 1 1
github.com/Ulbora/six910-mysql/mockDbMeths.go:571.82,573.2 1 1
github.com/Ulbora/six910-mysql/mockDbMeths.go:578.86,580.2 1 1
github.com/Ulbora/six910-mysql/mockDbMeths.go:583.90,585.2 1 1
github.com/Ulbora/six910-mysql/mockDbMeths.go:590.70,592.2 1 1
github.com/Ulbora/six910-mysql/mockDbMeths.go:595.64,597.2 1 1
github.com/Ulbora/six910-mysql/mockDbMeths.go:600.63,602.2 1 1
github.com/Ulbora/six910-mysql/mockDbMeths.go:605.74,607.2 1 1
github.com/Ulbora/six910-mysql/mockDbMeths.go:610.57,612.2 1 1
github.com/Ulbora/six910-mysql/mockDbMeths.go:617.77,619.2 1 1
github.com/Ulbora/six910-mysql/mockDbMeths.go:622.71,624.2 1 1
github.com/Ulbora/six910-mysql/mockDbMeths.go:627.69,629.2 1 1
github.com/Ulbora/six910-mysql/mockDbMeths.go:632.83,634.2 1 1
github.com/Ulbora/six910-mysql/mockDbMeths.go:637.60,639.2 1 1
github.com/Ulbora/six910-mysql/mockDbMeths.go:644.79,646.2 1 1
github.com/Ulbora/six910-mysql/mockDbMeths.go:649.73,651.2 1 1
github.com/Ulbora/six910-mysql/mockDbMeths.go:654.71,656.2 1 1
github.com/Ulbora/six910-mysql/mockDbMeths.go:659.85,661.2 1 1
github.com/Ulbora/six910-mysql/mockDbMeths.go:664.89,666.2 1 1
github.com/Ulbora/six910-mysql/mockDbMeths.go:669.61,671.2 1 1
github.com/Ulbora/six910-mysql/mockDbMeths.go:676.67,678.2 1 1
github.com/Ulbora/six910-mysql/mockDbMeths.go:681.61,683.2 1 1
github.com/Ulbora/six910-mysql/mockDbMeths.go:686.60,688.2 1 1
github.com/Ulbora/six910-mysql/mockDbMeths.go:691.80,693.2 1 1
github.com/Ulbora/six910-mysql/mockDbMeths.go:696.55,698.2 1 1
github.com/Ulbora/six910-mysql/mockDbMeths.go:703.78,705.2 1 1
github.com/Ulbora/six910-mysql/mockDbMeths.go:708.72,710.2 1 1
github.com/Ulbora/six910-mysql/mockDbMeths.go:713.70,715.2 1 1
github.com/Ulbora/six910-mysql/mockDbMeths.go:718.81,720.2 1 0
github.com/Ulbora/six910-mysql/mockDbMeths.go:723.60,725.2 1 0
github.com/Ulbora/six910-mysql/mockDbMeths.go:730.84,732.2 1 1
github.com/Ulbora/six910-mysql/mockDbMeths.go:735.78,737.2 1 1
github.com/Ulbora/six910-mysql/mockDbMeths.go:740.75,742.2 1 1
github.com/Ulbora/six910-mysql/mockDbMeths.go:745.83,747.2 1 1
github.com/Ulbora/six910-mysql/mockDbMeths.go:750.63,752.2 1 1
github.com/Ulbora/six910-mysql/mockDbMeths.go:757.84,759.2 1 1
github.com/Ulbora/six910-mysql/mockDbMeths.go:762.78,764.2 1 1
github.com/Ulbora/six910-mysql/mockDbMeths.go:767.77,769.2 1 1
github.com/Ulbora/six910-mysql/mockDbMeths.go:772.88,774.2 1 1
github.com/Ulbora/six910-mysql/mockDbMeths.go:777.64,779.2 1 1
github.com/Ulbora/six910-mysql/mockDbMeths.go:789.74,791.2 1 1
github.com/Ulbora/six910-mysql/mockDbMeths.go:797.77,799.2 1 1
github.com/Ulbora/six910-mysql/mockDbMeths.go:804.102,806.2 1 1
github.com/Ulbora/six910-mysql/mockDbMeths.go:813.62,815.2 1 1
github.com/Ulbora/six910-mysql/mockDbMeths.go:820.65,822.2 1 1
github.com/Ulbora/six910-mysql/mockDbMeths.go:827.104,829.2 1 1
github.com/Ulbora/six910-mysql/mockDbMeths.go:836.90,838.2 1 1
github.com/Ulbora/six910-mysql/mockDbMeths.go:841.84,843.2 1 1
github.com/Ulbora/six910-mysql/mockDbMeths.go:848.106,850.2 1 1
github.com/Ulbora/six910-mysql/paymentGateway.go:32.80,33.25 1 1
github.com/Ulbora/six910-mysql/paymentGateway.go:36.2,42.16 6 1
github.com/Ulbora/six910-mysql/paymentGateway.go:33.25,35.3 1 1
github.com/Ulbora/six910-mysql/paymentGateway.go:46.74,47.25 1 1
github.com/Ulbora/six910-mysql/paymentGateway.go:50.2,54.12 4 1
github.com/Ulbora/six910-mysql/paymentGateway.go:47.25,49.3 1 1
github.com/Ulbora/six910-mysql/paymentGateway.go:58.71,59.25 1 1
github.com/Ulbora/six910-mysql/paymentGateway.go:62.2,66.12 5 1
github.com/Ulbora/six910-mysql/paymentGateway.go:59.25,61.3 1 1
github.com/Ulbora/six910-mysql/paymentGateway.go:70.79,71.25 1 1
github.com/Ulbora/six910-mysql/paymentGateway.go:74.2,78.40 5 1
github.com/Ulbora/six910-mysql/paymentGateway.go:86.2,86.13 1 1
github.com/Ulbora/six910-mysql/paymentGateway.go:71.25,73.3 1 1
github.com/Ulbora/six910-mysql/paymentGateway.go:78.40,80.28 2 1
github.com/Ulbora/six910-mysql/paymentGateway.go:80.28,84.4 3 1
github.com/Ulbora/six910-mysql/paymentGateway.go:90.59,91.25 1 1
github.com/Ulbora/six910-mysql/paymentGateway.go:94.2,96.48 3 1
github.com/Ulbora/six910-mysql/paymentGateway.go:91.25,93.3 1 1
github.com/Ulbora/six910-mysql/paymentGateway.go:99.86,102.24 3 1
github.com/Ulbora/six910-mysql/paymentGateway.go:119.2,119.13 1 1
github.com/Ulbora/six910-mysql/paymentGateway.go:102.24,105.17 3 1
github.com/Ulbora/six910-mysql/paymentGateway.go:105.17,108.18 3 1
github.com/Ulbora/six910-mysql/paymentGateway.go:108.18,116.5 7 1
github.com/Ulbora/six910-mysql/shipmentBox.go:33.73,34.25 1 1
github.com/Ulbora/six910-mysql/shipmentBox.go:37.2,43.16 6 1
github.com/Ulbora/six910-mysql/shipmentBox.go:34.25,36.3 1 1
github.com/Ulbora/six910-mysql/shipmentBox.go:47.67,48.25 1 1
github.com/Ulbora/six910-mysql/shipmentBox.go:51.2,55.12 4 1
github.com/Ulbora/six910-mysql/shipmentBox.go:48.25,50.3 1 1
github.com/Ulbora/six910-mysql/shipmentBox.go:59.65,60.25 1 1
github.com/Ulbora/six910-mysql/shipmentBox.go:63.2,67.12 5 1
github.com/Ulbora/six910-mysql/shipmentBox.go:60.25,62.3 1 1
github.com/Ulbora/six910-mysql/shipmentBox.go:71.79,72.25 1 1
github.com/Ulbora/six910-mysql/shipmentBox.go:75.2,79.40 5 1
github.com/Ulbora/six910-mysql/shipmentBox.go:87.2,87.13 1 1
github.com/Ulbora/six910-mysql/shipmentBox.go:72.25,74.3 1 1
github.com/Ulbora/six910-mysql/shipmentBox.go:79.40,81.28 2 1
github.com/Ulbora/six910-mysql/shipmentBox.go:81.28,85.4 3 1
github.com/Ulbora/six910-mysql/shipmentBox.go:91.56,92.25 1 1
github.com/Ulbora/six910-mysql/shipmentBox.go:95.2,97.45 3 1
github.com/Ulbora/six910-mysql/shipmentBox.go:92.25,94.3 1 1
github.com/Ulbora/six910-mysql/shipmentBox.go:100.80,103.24 3 1
github.com/Ulbora/six910-mysql/shipmentBox.go:173.2,173.13 1 1
github.com/Ulbora/six910-mysql/shipmentBox.go:103.24,106.17 3 1
github.com/Ulbora/six910-mysql/shipmentBox.go:106.17,109.19 3 1
github.com/Ulbora/six910-mysql/shipmentBox.go:109.19,112.20 3 1
github.com/Ulbora/six910-mysql/shipmentBox.go:112.20,115.22 3 1
github.com/Ulbora/six910-mysql/shipmentBox.go:115.22,118.21 3 1
github.com/Ulbora/six910-mysql/shipmentBox.go:118.21,121.22 3 1
github.com/Ulbora/six910-mysql/shipmentBox.go:121.22,124.23 3 1
github.com/Ulbora/six910-mysql/shipmentBox.go:124.23,127.24 3 1
github.com/Ulbora/six910-mysql/shipmentBox.go:127.24,130.25 3 1
github.com/Ulbora/six910-mysql/shipmentBox.go:130.25,133.26 3 1
github.com/Ulbora/six910-mysql/shipmentBox.go:133.26,136.27 3 1
github.com/Ulbora/six910-mysql/shipmentBox.go:136.27,139.28 3 1
github.com/Ulbora/six910-mysql/shipmentBox.go:139.28,142.29 3 1
github.com/Ulbora/six910-mysql/shipmentBox.go:142.29,159.16 16 1
github.com/Ulbora/six910-mysql/shippingMethod.go:32.78,33.25 1 1
github.com/Ulbora/six910-mysql/shippingMethod.go:36.2,42.16 6 1
github.com/Ulbora/six910-mysql/shippingMethod.go:33.25,35.3 1 1
github.com/Ulbora/six910-mysql/shippingMethod.go:46.72,47.25 1 1
github.com/Ulbora/six910-mysql/shippingMethod.go:50.2,53.12 4 1
github.com/Ulbora/six910-mysql/shippingMethod.go:47.25,49.3 1 1
github.com/Ulbora/six910-mysql/shippingMethod.go:57.71,58.25 1 1
github.com/Ulbora/six910-mysql/shippingMethod.go:61.2,65.12 5 1
github.com/Ulbora/six910-mysql/shippingMethod.go:58.25,60.3 1 1
github.com/Ulbora/six910-mysql/shippingMethod.go:69.82,70.25 1 1
github.com/Ulbora/six910-mysql/shippingMethod.go:73.2,77.40 5 1
github.com/Ulbora/six910-mysql/shippingMethod.go:85.2,85.13 1 1
github.com/Ulbora/six910-mysql/shippingMethod.go:70.25,72.3 1 1
github.com/Ulbora/six910-mysql/shippingMethod.go:77.40,79.28 2 1
github.com/Ulbora/six910-mysql/shippingMethod.go:79.28,83.4 3 1
github.com/Ulbora/six910-mysql/shippingMethod.go:89.59,90.25 1 1
github.com/Ulbora/six910-mysql/shippingMethod.go:93.2,95.48 3 1
github.com/Ulbora/six910-mysql/shippingMethod.go:90.25,92.3 1 1
github.com/Ulbora/six910-mysql/shippingMethod.go:98.86,101.24 3 1
github.com/Ulbora/six910-mysql/shippingMethod.go:154.2,154.13 1 1
github.com/Ulbora/six910-mysql/shippingMethod.go:101.24,104.17 3 1
github.com/Ulbora/six910-mysql/shippingMethod.go:104.17,107.19 3 1
github.com/Ulbora/six910-mysql/shippingMethod.go:107.19,110.19 3 1
github.com/Ulbora/six910-mysql/shippingMethod.go:110.19,113.20 3 1
github.com/Ulbora/six910-mysql/shippingMethod.go:113.20,116.21 3 1
github.com/Ulbora/six910-mysql/shippingMethod.go:116.21,119.22 3 1
github.com/Ulbora/six910-mysql/shippingMethod.go:119.22,122.23 3 1
github.com/Ulbora/six910-mysql/shippingMethod.go:122.23,125.24 3 1
github.com/Ulbora/six910-mysql/shippingMethod.go:125.24,128.25 3 1
github.com/Ulbora/six910-mysql/shippingMethod.go:128.25,131.26 3 1
github.com/Ulbora/six910-mysql/shippingMethod.go:131.26,143.13 11 1
github.com/Ulbora/six910-mysql/store.go:32.60,33.25 1 1
github.com/Ulbora/six910-mysql/store.go:36.2,42.16 6 1
github.com/Ulbora/six910-mysql/store.go:33.25,35.3 1 1
github.com/Ulbora/six910-mysql/store.go:46.54,47.25 1 1
github.com/Ulbora/six910-mysql/store.go:50.2,54.12 4 1
github.com/Ulbora/six910-mysql/store.go:47.25,49.3 1 1
github.com/Ulbora/six910-mysql/store.go:58.57,59.25 1 1
github.com/Ulbora/six910-mysql/store.go:62.2,66.12 5 1
github.com/Ulbora/six910-mysql/store.go:59.25,61.3 1 1
github.com/Ulbora/six910-mysql/store.go:70.55,71.25 1 1
github.com/Ulbora/six910-mysql/store.go:74.2,78.12 5 1
github.com/Ulbora/six910-mysql/store.go:71.25,73.3 1 1
github.com/Ulbora/six910-mysql/store.go:82.70,83.25 1 1
github.com/Ulbora/six910-mysql/store.go:86.2,90.12 5 1
github.com/Ulbora/six910-mysql/store.go:83.25,85.3 1 1
github.com/Ulbora/six910-mysql/store.go:94.45,96.25 2 1
github.com/Ulbora/six910-mysql/store.go:99.2,101.22 3 1
github.com/Ulbora/six910-mysql/store.go:108.2,108.12 1 1
github.com/Ulbora/six910-mysql/store.go:96.25,98.3 1 1
github.com/Ulbora/six910-mysql/store.go:101.22,104.17 3 1
github.com/Ulbora/six910-mysql/store.go:104.17,106.4 1 1
github.com/Ulbora/six910-mysql/store.go:112.50,113.25 1 1
github.com/Ulbora/six910-mysql/store.go:116.2,118.39 3 1
github.com/Ulbora/six910-mysql/store.go:113.25,115.3 1 1
github.com/Ulbora/six910-mysql/store.go:121.68,124.24 3 1
github.com/Ulbora/six910-mysql/store.go:161.2,161.13 1 1
github.com/Ulbora/six910-mysql/store.go:124.24,127.17 3 1
github.com/Ulbora/six910-mysql/store.go:127.17,130.19 3 1
github.com/Ulbora/six910-mysql/store.go:130.19,133.20 3 1
github.com/Ulbora/six910-mysql/store.go:133.20,136.22 3 1
github.com/Ulbora/six910-mysql/store.go:136.22,156.7 19 1
github.com/Ulbora/six910-mysql/cart.go:33.58,34.25 1 1
github.com/Ulbora/six910-mysql/cart.go:37.2,42.16 6 1
github.com/Ulbora/six910-mysql/cart.go:34.25,36.3 1 1
github.com/Ulbora/six910-mysql/cart.go:46.52,47.25 1 1
github.com/Ulbora/six910-mysql/cart.go:50.2,53.12 4 1
github.com/Ulbora/six910-mysql/cart.go:47.25,49.3 1 1
github.com/Ulbora/six910-mysql/cart.go:57.52,58.25 1 1
github.com/Ulbora/six910-mysql/cart.go:61.2,65.40 5 1
github.com/Ulbora/six910-mysql/cart.go:73.2,73.12 1 1
github.com/Ulbora/six910-mysql/cart.go:58.25,60.3 1 1
github.com/Ulbora/six910-mysql/cart.go:65.40,67.28 2 1
github.com/Ulbora/six910-mysql/cart.go:67.28,70.9 3 1
github.com/Ulbora/six910-mysql/cart.go:77.49,78.25 1 1
github.com/Ulbora/six910-mysql/cart.go:81.2,83.38 3 1
github.com/Ulbora/six910-mysql/cart.go:78.25,80.3 1 1
github.com/Ulbora/six910-mysql/cart.go:86.66,89.24 3 1
github.com/Ulbora/six910-mysql/cart.go:113.2,113.13 1 1
github.com/Ulbora/six910-mysql/cart.go:89.24,92.17 3 1
github.com/Ulbora/six910-mysql/cart.go:92.17,95.19 3 1
github.com/Ulbora/six910-mysql/cart.go:95.19,98.20 3 1
github.com/Ulbora/six910-mysql/cart.go:98.20,101.21 3 1
github.com/Ulbora/six910-mysql/cart.go:101.21,108.7 6 1
